<?xml version="1.0" encoding="UTF-8"?>
<coverage generated="1776177554464" clover="3.2.0">
  <project timestamp="1776177554464" name="All files">
    <metrics statements="751" coveredstatements="532" conditionals="330" coveredconditionals="207" methods="163" coveredmethods="110" elements="1244" coveredelements="849" complexity="0" loc="751" ncloc="751" packages="7" files="16" classes="16"/>
    <package name="e2e-desktop">
      <metrics statements="27" coveredstatements="5" conditionals="5" coveredconditionals="0" methods="6" coveredmethods="0"/>
      <file name="setup.ts" path="/Users/portablesheep/repos/fields/e2e-desktop/setup.ts">
        <metrics statements="27" coveredstatements="5" conditionals="5" coveredconditionals="0" methods="6" coveredmethods="0"/>
        <line num="2" count="1" type="stmt"/>
        <line num="3" count="1" type="stmt"/>
        <line num="4" count="1" type="stmt"/>
        <line num="7" count="1" type="stmt"/>
        <line num="8" count="1" type="stmt"/>
        <line num="12" count="0" type="stmt"/>
        <line num="13" count="0" type="cond" truecount="0" falsecount="3"/>
        <line num="15" count="0" type="stmt"/>
        <line num="17" count="0" type="stmt"/>
        <line num="19" count="0" type="stmt"/>
        <line num="40" count="0" type="stmt"/>
        <line num="43" count="0" type="stmt"/>
        <line num="44" count="0" type="stmt"/>
        <line num="48" count="0" type="stmt"/>
        <line num="49" count="0" type="stmt"/>
        <line num="50" count="0" type="cond" truecount="0" falsecount="2"/>
        <line num="51" count="0" type="stmt"/>
        <line num="56" count="0" type="stmt"/>
        <line num="58" count="0" type="stmt"/>
        <line num="59" count="0" type="stmt"/>
        <line num="60" count="0" type="stmt"/>
        <line num="62" count="0" type="stmt"/>
        <line num="67" count="0" type="stmt"/>
        <line num="68" count="0" type="stmt"/>
        <line num="69" count="0" type="stmt"/>
        <line num="70" count="0" type="stmt"/>
        <line num="73" count="0" type="stmt"/>
      </file>
    </package>
    <package name="src.components.Annotations">
      <metrics statements="242" coveredstatements="86" conditionals="119" coveredconditionals="51" methods="47" coveredmethods="20"/>
      <file name="AnnotationLayer.tsx" path="/Users/portablesheep/repos/fields/src/components/Annotations/AnnotationLayer.tsx">
        <metrics statements="107" coveredstatements="31" conditionals="45" coveredconditionals="12" methods="23" coveredmethods="6"/>
        <line num="22" count="1" type="stmt"/>
        <line num="36" count="7" type="stmt"/>
        <line num="37" count="7" type="stmt"/>
        <line num="45" count="7" type="stmt"/>
        <line num="47" count="4" type="cond" truecount="4" falsecount="0"/>
        <line num="48" count="2" type="stmt"/>
        <line num="49" count="2" type="stmt"/>
        <line num="52" count="2" type="stmt"/>
        <line num="53" count="4" type="cond" truecount="1" falsecount="1"/>
        <line num="55" count="2" type="stmt"/>
        <line num="56" count="2" type="stmt"/>
        <line num="58" count="2" type="stmt"/>
        <line num="65" count="2" type="cond" truecount="1" falsecount="1"/>
        <line num="67" count="4" type="cond" truecount="2" falsecount="0"/>
        <line num="68" count="1" type="stmt"/>
        <line num="70" count="1" type="stmt"/>
        <line num="76" count="7" type="stmt"/>
        <line num="78" count="0" type="stmt"/>
        <line num="79" count="0" type="stmt"/>
        <line num="81" count="0" type="stmt"/>
        <line num="82" count="0" type="cond" truecount="0" falsecount="2"/>
        <line num="84" count="0" type="stmt"/>
        <line num="85" count="0" type="stmt"/>
        <line num="87" count="0" type="cond" truecount="0" falsecount="2"/>
        <line num="89" count="0" type="cond" truecount="0" falsecount="2"/>
        <line num="97" count="0" type="stmt"/>
        <line num="98" count="0" type="stmt"/>
        <line num="99" count="0" type="stmt"/>
        <line num="101" count="0" type="stmt"/>
        <line num="102" count="0" type="stmt"/>
        <line num="103" count="0" type="stmt"/>
        <line num="105" count="0" type="stmt"/>
        <line num="106" count="0" type="cond" truecount="0" falsecount="4"/>
        <line num="108" count="0" type="stmt"/>
        <line num="109" count="0" type="stmt"/>
        <line num="110" count="0" type="stmt"/>
        <line num="112" count="0" type="stmt"/>
        <line num="113" count="0" type="stmt"/>
        <line num="114" count="0" type="stmt"/>
        <line num="115" count="0" type="stmt"/>
        <line num="117" count="0" type="stmt"/>
        <line num="118" count="0" type="stmt"/>
        <line num="119" count="0" type="stmt"/>
        <line num="120" count="0" type="stmt"/>
        <line num="122" count="0" type="stmt"/>
        <line num="123" count="0" type="stmt"/>
        <line num="124" count="0" type="stmt"/>
        <line num="125" count="0" type="stmt"/>
        <line num="126" count="0" type="stmt"/>
        <line num="129" count="0" type="stmt"/>
        <line num="132" count="0" type="stmt"/>
        <line num="133" count="0" type="stmt"/>
        <line num="134" count="0" type="stmt"/>
        <line num="136" count="0" type="stmt"/>
        <line num="137" count="0" type="stmt"/>
        <line num="138" count="0" type="stmt"/>
        <line num="140" count="0" type="stmt"/>
        <line num="143" count="0" type="stmt"/>
        <line num="144" count="0" type="stmt"/>
        <line num="145" count="0" type="stmt"/>
        <line num="149" count="0" type="stmt"/>
        <line num="151" count="0" type="stmt"/>
        <line num="159" count="0" type="stmt"/>
        <line num="160" count="0" type="cond" truecount="0" falsecount="2"/>
        <line num="161" count="0" type="stmt"/>
        <line num="162" count="0" type="stmt"/>
        <line num="163" count="0" type="cond" truecount="0" falsecount="4"/>
        <line num="164" count="0" type="stmt"/>
        <line num="173" count="0" type="stmt"/>
        <line num="174" count="0" type="stmt"/>
        <line num="175" count="0" type="stmt"/>
        <line num="176" count="0" type="stmt"/>
        <line num="178" count="0" type="cond" truecount="0" falsecount="2"/>
        <line num="181" count="0" type="stmt"/>
        <line num="182" count="0" type="stmt"/>
        <line num="183" count="0" type="stmt"/>
        <line num="185" count="0" type="stmt"/>
        <line num="189" count="0" type="stmt"/>
        <line num="190" count="0" type="stmt"/>
        <line num="195" count="7" type="stmt"/>
        <line num="197" count="1" type="stmt"/>
        <line num="198" count="1" type="stmt"/>
        <line num="199" count="1" type="stmt"/>
        <line num="204" count="7" type="stmt"/>
        <line num="206" count="0" type="stmt"/>
        <line num="207" count="0" type="stmt"/>
        <line num="208" count="0" type="stmt"/>
        <line num="213" count="7" type="stmt"/>
        <line num="215" count="7" type="stmt"/>
        <line num="223" count="2" type="stmt"/>
        <line num="232" count="1" type="stmt"/>
        <line num="233" count="0" type="stmt"/>
        <line num="242" count="2" type="stmt"/>
        <line num="249" count="2" type="stmt"/>
        <line num="251" count="2" type="cond" truecount="2" falsecount="3"/>
        <line num="253" count="1" type="stmt"/>
        <line num="260" count="0" type="stmt"/>
        <line num="261" count="0" type="stmt"/>
        <line num="265" count="1" type="stmt"/>
        <line num="272" count="0" type="stmt"/>
        <line num="273" count="0" type="stmt"/>
        <line num="277" count="0" type="stmt"/>
        <line num="284" count="0" type="stmt"/>
        <line num="285" count="0" type="stmt"/>
        <line num="289" count="0" type="stmt"/>
        <line num="294" count="0" type="stmt"/>
        <line num="315" count="0" type="stmt"/>
      </file>
      <file name="CheckboxAnnotation.tsx" path="/Users/portablesheep/repos/fields/src/components/Annotations/CheckboxAnnotation.tsx">
        <metrics statements="5" coveredstatements="5" conditionals="10" coveredconditionals="8" methods="2" coveredmethods="2"/>
        <line num="13" count="1" type="stmt"/>
        <line num="21" count="7" type="stmt"/>
        <line num="22" count="3" type="stmt"/>
        <line num="23" count="3" type="stmt"/>
        <line num="26" count="7" type="stmt"/>
      </file>
      <file name="SignaturePad.tsx" path="/Users/portablesheep/repos/fields/src/components/Annotations/SignaturePad.tsx">
        <metrics statements="122" coveredstatements="42" conditionals="54" coveredconditionals="21" methods="18" coveredmethods="8"/>
        <line num="13" count="1" type="stmt"/>
        <line num="21" count="1" type="stmt"/>
        <line num="27" count="10" type="stmt"/>
        <line num="28" count="10" type="stmt"/>
        <line num="29" count="10" type="stmt"/>
        <line num="30" count="10" type="stmt"/>
        <line num="31" count="10" type="stmt"/>
        <line num="32" count="10" type="stmt"/>
        <line num="33" count="10" type="stmt"/>
        <line num="36" count="10" type="stmt"/>
        <line num="37" count="10" type="cond" truecount="2" falsecount="0"/>
        <line num="38" count="9" type="stmt"/>
        <line num="39" count="9" type="cond" truecount="1" falsecount="1"/>
        <line num="40" count="9" type="stmt"/>
        <line num="41" count="9" type="cond" truecount="1" falsecount="1"/>
        <line num="42" count="0" type="stmt"/>
        <line num="43" count="0" type="stmt"/>
        <line num="44" count="0" type="stmt"/>
        <line num="45" count="0" type="stmt"/>
        <line num="46" count="0" type="stmt"/>
        <line num="47" count="0" type="stmt"/>
        <line num="51" count="10" type="stmt"/>
        <line num="52" count="10" type="cond" truecount="2" falsecount="0"/>
        <line num="53" count="1" type="stmt"/>
        <line num="54" count="1" type="cond" truecount="1" falsecount="1"/>
        <line num="55" count="1" type="stmt"/>
        <line num="56" count="1" type="cond" truecount="1" falsecount="1"/>
        <line num="58" count="0" type="cond" truecount="0" falsecount="2"/>
        <line num="59" count="10" type="stmt"/>
        <line num="60" count="10" type="stmt"/>
        <line num="61" count="10" type="stmt"/>
        <line num="62" count="10" type="stmt"/>
        <line num="63" count="10" type="stmt"/>
        <line num="65" count="10" type="stmt"/>
        <line num="66" count="10" type="stmt"/>
        <line num="68" count="10" type="cond" truecount="1" falsecount="1"/>
        <line num="70" count="0" type="stmt"/>
        <line num="71" count="0" type="stmt"/>
        <line num="72" count="0" type="stmt"/>
        <line num="73" count="0" type="cond" truecount="0" falsecount="2"/>
        <line num="74" count="0" type="stmt"/>
        <line num="75" count="0" type="stmt"/>
        <line num="76" count="0" type="stmt"/>
        <line num="79" count="0" type="stmt"/>
        <line num="80" count="0" type="stmt"/>
        <line num="81" count="0" type="stmt"/>
        <line num="82" count="0" type="stmt"/>
        <line num="85" count="0" type="stmt"/>
        <line num="86" count="0" type="stmt"/>
        <line num="87" count="0" type="stmt"/>
        <line num="88" count="0" type="stmt"/>
        <line num="89" count="0" type="stmt"/>
        <line num="90" count="0" type="stmt"/>
        <line num="94" count="10" type="stmt"/>
        <line num="95" count="0" type="stmt"/>
        <line num="96" count="0" type="stmt"/>
        <line num="97" count="0" type="stmt"/>
        <line num="103" count="10" type="stmt"/>
        <line num="105" count="0" type="stmt"/>
        <line num="106" count="0" type="stmt"/>
        <line num="107" count="0" type="cond" truecount="0" falsecount="2"/>
        <line num="108" count="0" type="stmt"/>
        <line num="109" count="0" type="stmt"/>
        <line num="110" count="0" type="stmt"/>
        <line num="115" count="10" type="stmt"/>
        <line num="117" count="0" type="cond" truecount="0" falsecount="2"/>
        <line num="118" count="0" type="stmt"/>
        <line num="119" count="0" type="cond" truecount="0" falsecount="2"/>
        <line num="120" count="0" type="stmt"/>
        <line num="121" count="0" type="stmt"/>
        <line num="122" count="0" type="stmt"/>
        <line num="123" count="0" type="stmt"/>
        <line num="128" count="10" type="stmt"/>
        <line num="129" count="0" type="stmt"/>
        <line num="132" count="10" type="stmt"/>
        <line num="133" count="0" type="cond" truecount="0" falsecount="2"/>
        <line num="134" count="0" type="stmt"/>
        <line num="135" count="0" type="cond" truecount="0" falsecount="2"/>
        <line num="136" count="0" type="stmt"/>
        <line num="137" count="0" type="cond" truecount="0" falsecount="2"/>
        <line num="138" count="0" type="stmt"/>
        <line num="139" count="0" type="stmt"/>
        <line num="140" count="0" type="stmt"/>
        <line num="141" count="0" type="stmt"/>
        <line num="142" count="0" type="stmt"/>
        <line num="144" count="0" type="stmt"/>
        <line num="148" count="10" type="stmt"/>
        <line num="149" count="0" type="cond" truecount="0" falsecount="2"/>
        <line num="150" count="0" type="stmt"/>
        <line num="151" count="0" type="cond" truecount="0" falsecount="4"/>
        <line num="152" count="0" type="stmt"/>
        <line num="154" count="0" type="stmt"/>
        <line num="155" count="0" type="cond" truecount="0" falsecount="4"/>
        <line num="157" count="0" type="stmt"/>
        <line num="158" count="0" type="stmt"/>
        <line num="159" count="0" type="stmt"/>
        <line num="160" count="0" type="stmt"/>
        <line num="161" count="0" type="stmt"/>
        <line num="162" count="0" type="stmt"/>
        <line num="164" count="0" type="stmt"/>
        <line num="165" count="0" type="stmt"/>
        <line num="166" count="0" type="stmt"/>
        <line num="167" count="0" type="cond" truecount="0" falsecount="2"/>
        <line num="168" count="0" type="stmt"/>
        <line num="169" count="0" type="stmt"/>
        <line num="170" count="0" type="stmt"/>
        <line num="172" count="0" type="stmt"/>
        <line num="173" count="0" type="stmt"/>
        <line num="174" count="0" type="stmt"/>
        <line num="176" count="0" type="stmt"/>
        <line num="180" count="10" type="cond" truecount="2" falsecount="0"/>
        <line num="182" count="10" type="stmt"/>
        <line num="186" count="3" type="stmt"/>
        <line num="194" count="0" type="stmt"/>
        <line num="200" count="1" type="stmt"/>
        <line num="224" count="0" type="stmt"/>
        <line num="229" count="5" type="stmt"/>
        <line num="232" count="0" type="stmt"/>
        <line num="270" count="2" type="stmt"/>
        <line num="280" count="1" type="stmt"/>
        <line num="291" count="0" type="stmt"/>
        <line num="292" count="0" type="stmt"/>
      </file>
      <file name="TextAnnotation.tsx" path="/Users/portablesheep/repos/fields/src/components/Annotations/TextAnnotation.tsx">
        <metrics statements="8" coveredstatements="8" conditionals="10" coveredconditionals="10" methods="4" coveredmethods="4"/>
        <line num="13" count="1" type="stmt"/>
        <line num="21" count="7" type="stmt"/>
        <line num="23" count="7" type="stmt"/>
        <line num="24" count="7" type="cond" truecount="4" falsecount="0"/>
        <line num="25" count="2" type="stmt"/>
        <line num="29" count="7" type="stmt"/>
        <line num="39" count="6" type="stmt"/>
        <line num="40" count="2" type="stmt"/>
      </file>
    </package>
    <package name="src.components.Toolbar">
      <metrics statements="14" coveredstatements="3" conditionals="48" coveredconditionals="27" methods="13" coveredmethods="2"/>
      <file name="MainToolbar.tsx" path="/Users/portablesheep/repos/fields/src/components/Toolbar/MainToolbar.tsx">
        <metrics statements="14" coveredstatements="3" conditionals="48" coveredconditionals="27" methods="13" coveredmethods="2"/>
        <line num="43" count="1" type="stmt"/>
        <line num="64" count="12" type="stmt"/>
        <line num="73" count="0" type="stmt"/>
        <line num="81" count="0" type="stmt"/>
        <line num="110" count="0" type="cond" truecount="0" falsecount="2"/>
        <line num="118" count="2" type="cond" truecount="2" falsecount="0"/>
        <line num="126" count="0" type="cond" truecount="0" falsecount="2"/>
        <line num="134" count="0" type="cond" truecount="0" falsecount="2"/>
        <line num="142" count="0" type="cond" truecount="0" falsecount="2"/>
        <line num="201" count="0" type="stmt"/>
        <line num="213" count="0" type="cond" truecount="0" falsecount="2"/>
        <line num="220" count="0" type="stmt"/>
        <line num="232" count="0" type="stmt"/>
        <line num="250" count="0" type="stmt"/>
      </file>
    </package>
    <package name="src.components.common">
      <metrics statements="7" coveredstatements="5" conditionals="2" coveredconditionals="2" methods="6" coveredmethods="4"/>
      <file name="EmptyState.tsx" path="/Users/portablesheep/repos/fields/src/components/common/EmptyState.tsx">
        <metrics statements="7" coveredstatements="5" conditionals="2" coveredconditionals="2" methods="6" coveredmethods="4"/>
        <line num="10" count="1" type="stmt"/>
        <line num="11" count="5" type="stmt"/>
        <line num="20" count="1" type="stmt"/>
        <line num="34" count="3" type="stmt"/>
        <line num="36" count="1" type="stmt"/>
        <line num="47" count="0" type="stmt"/>
        <line num="48" count="0" type="stmt"/>
      </file>
    </package>
    <package name="src.hooks">
      <metrics statements="192" coveredstatements="182" conditionals="47" coveredconditionals="33" methods="49" coveredmethods="46"/>
      <file name="useAnnotations.ts" path="/Users/portablesheep/repos/fields/src/hooks/useAnnotations.ts">
        <metrics statements="63" coveredstatements="62" conditionals="17" coveredconditionals="15" methods="21" coveredmethods="21"/>
        <line num="4" count="1" type="stmt"/>
        <line num="7" count="27" type="stmt"/>
        <line num="11" count="91" type="stmt"/>
        <line num="12" count="91" type="stmt"/>
        <line num="13" count="91" type="stmt"/>
        <line num="14" count="91" type="stmt"/>
        <line num="15" count="91" type="stmt"/>
        <line num="17" count="91" type="stmt"/>
        <line num="19" count="91" type="stmt"/>
        <line num="20" count="36" type="stmt"/>
        <line num="21" count="36" type="stmt"/>
        <line num="22" count="36" type="stmt"/>
        <line num="25" count="91" type="stmt"/>
        <line num="27" count="27" type="stmt"/>
        <line num="28" count="27" type="stmt"/>
        <line num="29" count="27" type="stmt"/>
        <line num="32" count="27" type="cond" truecount="4" falsecount="1"/>
        <line num="34" count="21" type="stmt"/>
        <line num="43" count="21" type="stmt"/>
        <line num="45" count="3" type="stmt"/>
        <line num="52" count="3" type="stmt"/>
        <line num="54" count="2" type="stmt"/>
        <line num="64" count="2" type="stmt"/>
        <line num="66" count="1" type="stmt"/>
        <line num="72" count="1" type="stmt"/>
        <line num="74" count="0" type="stmt"/>
        <line num="77" count="27" type="stmt"/>
        <line num="78" count="27" type="stmt"/>
        <line num="84" count="91" type="stmt"/>
        <line num="86" count="2" type="stmt"/>
        <line num="87" count="2" type="stmt"/>
        <line num="88" count="2" type="cond" truecount="1" falsecount="1"/>
        <line num="94" count="91" type="stmt"/>
        <line num="96" count="5" type="stmt"/>
        <line num="97" count="5" type="stmt"/>
        <line num="98" count="6" type="stmt"/>
        <line num="100" count="5" type="cond" truecount="2" falsecount="0"/>
        <line num="105" count="91" type="stmt"/>
        <line num="106" count="2" type="cond" truecount="2" falsecount="0"/>
        <line num="107" count="1" type="stmt"/>
        <line num="111" count="91" type="stmt"/>
        <line num="112" count="8" type="stmt"/>
        <line num="113" count="8" type="cond" truecount="2" falsecount="0"/>
        <line num="114" count="7" type="stmt"/>
        <line num="115" count="7" type="stmt"/>
        <line num="116" count="7" type="stmt"/>
        <line num="118" count="7" type="stmt"/>
        <line num="121" count="91" type="stmt"/>
        <line num="122" count="5" type="stmt"/>
        <line num="123" count="5" type="cond" truecount="2" falsecount="0"/>
        <line num="124" count="4" type="stmt"/>
        <line num="125" count="4" type="stmt"/>
        <line num="126" count="4" type="stmt"/>
        <line num="128" count="4" type="stmt"/>
        <line num="131" count="91" type="stmt"/>
        <line num="133" count="2" type="stmt"/>
        <line num="134" count="2" type="stmt"/>
        <line num="135" count="2" type="stmt"/>
        <line num="137" count="2" type="stmt"/>
        <line num="142" count="91" type="stmt"/>
        <line num="143" count="91" type="stmt"/>
        <line num="145" count="91" type="cond" truecount="2" falsecount="0"/>
        <line num="147" count="91" type="stmt"/>
      </file>
      <file name="useFieldDetection.ts" path="/Users/portablesheep/repos/fields/src/hooks/useFieldDetection.ts">
        <metrics statements="52" coveredstatements="48" conditionals="18" coveredconditionals="11" methods="11" coveredmethods="10"/>
        <line num="7" count="21" type="stmt"/>
        <line num="8" count="21" type="stmt"/>
        <line num="10" count="21" type="stmt"/>
        <line num="11" count="8" type="stmt"/>
        <line num="12" count="8" type="stmt"/>
        <line num="13" count="8" type="stmt"/>
        <line num="15" count="8" type="stmt"/>
        <line num="16" count="8" type="stmt"/>
        <line num="17" count="8" type="stmt"/>
        <line num="18" count="8" type="stmt"/>
        <line num="19" count="8" type="stmt"/>
        <line num="22" count="8" type="stmt"/>
        <line num="23" count="8" type="stmt"/>
        <line num="25" count="8" type="stmt"/>
        <line num="27" count="8" type="stmt"/>
        <line num="28" count="8" type="cond" truecount="3" falsecount="1"/>
        <line num="29" count="8" type="stmt"/>
        <line num="31" count="8" type="stmt"/>
        <line num="38" count="8" type="stmt"/>
        <line num="39" count="8" type="cond" truecount="4" falsecount="0"/>
        <line num="40" count="1" type="stmt"/>
        <line num="43" count="8" type="stmt"/>
        <line num="59" count="8" type="stmt"/>
        <line num="60" count="8" type="stmt"/>
        <line num="61" count="8" type="stmt"/>
        <line num="62" count="8" type="stmt"/>
        <line num="63" count="8" type="stmt"/>
        <line num="64" count="8" type="cond" truecount="1" falsecount="1"/>
        <line num="65" count="0" type="stmt"/>
        <line num="66" count="0" type="stmt"/>
        <line num="68" count="8" type="cond" truecount="0" falsecount="2"/>
        <line num="69" count="8" type="stmt"/>
        <line num="75" count="8" type="stmt"/>
        <line num="76" count="8" type="stmt"/>
        <line num="78" count="8" type="stmt"/>
        <line num="79" count="8" type="stmt"/>
        <line num="82" count="8" type="cond" truecount="1" falsecount="1"/>
        <line num="83" count="8" type="stmt"/>
        <line num="86" count="8" type="stmt"/>
        <line num="88" count="0" type="stmt"/>
        <line num="89" count="0" type="stmt"/>
        <line num="92" count="8" type="stmt"/>
        <line num="93" count="8" type="stmt"/>
        <line num="94" count="8" type="stmt"/>
        <line num="97" count="21" type="stmt"/>
        <line num="98" count="1" type="stmt"/>
        <line num="99" count="1" type="cond" truecount="1" falsecount="1"/>
        <line num="103" count="21" type="stmt"/>
        <line num="104" count="1" type="stmt"/>
        <line num="107" count="21" type="stmt"/>
        <line num="108" count="1" type="stmt"/>
        <line num="111" count="21" type="stmt"/>
      </file>
      <file name="useHistory.ts" path="/Users/portablesheep/repos/fields/src/hooks/useHistory.ts">
        <metrics statements="23" coveredstatements="23" conditionals="2" coveredconditionals="1" methods="5" coveredmethods="5"/>
        <line num="11" count="20" type="stmt"/>
        <line num="12" count="20" type="stmt"/>
        <line num="14" count="20" type="stmt"/>
        <line num="15" count="5" type="stmt"/>
        <line num="16" count="5" type="stmt"/>
        <line num="17" count="5" type="stmt"/>
        <line num="18" count="4" type="stmt"/>
        <line num="20" count="1" type="stmt"/>
        <line num="22" count="5" type="stmt"/>
        <line num="26" count="20" type="stmt"/>
        <line num="28" count="3" type="stmt"/>
        <line num="29" count="3" type="stmt"/>
        <line num="30" count="2" type="stmt"/>
        <line num="31" count="2" type="stmt"/>
        <line num="32" count="2" type="cond" truecount="1" falsecount="1"/>
        <line num="33" count="2" type="stmt"/>
        <line num="35" count="2" type="stmt"/>
        <line num="37" count="1" type="stmt"/>
        <line num="38" count="1" type="stmt"/>
        <line num="44" count="20" type="stmt"/>
        <line num="45" count="2" type="stmt"/>
        <line num="46" count="2" type="stmt"/>
        <line num="49" count="20" type="stmt"/>
      </file>
      <file name="usePdfDocument.ts" path="/Users/portablesheep/repos/fields/src/hooks/usePdfDocument.ts">
        <metrics statements="54" coveredstatements="49" conditionals="10" coveredconditionals="6" methods="12" coveredmethods="10"/>
        <line num="5" count="1" type="stmt"/>
        <line num="7" count="34" type="stmt"/>
        <line num="8" count="34" type="stmt"/>
        <line num="10" count="34" type="stmt"/>
        <line num="11" count="34" type="stmt"/>
        <line num="12" count="34" type="stmt"/>
        <line num="13" count="34" type="stmt"/>
        <line num="14" count="34" type="stmt"/>
        <line num="15" count="34" type="stmt"/>
        <line num="16" count="34" type="stmt"/>
        <line num="17" count="34" type="stmt"/>
        <line num="18" count="8" type="stmt"/>
        <line num="19" count="8" type="stmt"/>
        <line num="21" count="8" type="cond" truecount="2" falsecount="0"/>
        <line num="22" count="1" type="stmt"/>
        <line num="26" count="8" type="stmt"/>
        <line num="27" count="8" type="stmt"/>
        <line num="28" count="7" type="stmt"/>
        <line num="30" count="7" type="stmt"/>
        <line num="31" count="7" type="stmt"/>
        <line num="32" count="7" type="stmt"/>
        <line num="33" count="7" type="stmt"/>
        <line num="34" count="7" type="stmt"/>
        <line num="36" count="1" type="cond" truecount="1" falsecount="1"/>
        <line num="37" count="1" type="stmt"/>
        <line num="38" count="1" type="stmt"/>
        <line num="40" count="8" type="stmt"/>
        <line num="43" count="34" type="stmt"/>
        <line num="44" count="1" type="cond" truecount="1" falsecount="1"/>
        <line num="45" count="1" type="stmt"/>
        <line num="47" count="1" type="stmt"/>
        <line num="49" count="1" type="stmt"/>
        <line num="50" count="1" type="stmt"/>
        <line num="51" count="1" type="stmt"/>
        <line num="52" count="1" type="stmt"/>
        <line num="53" count="1" type="stmt"/>
        <line num="54" count="1" type="stmt"/>
        <line num="56" count="34" type="stmt"/>
        <line num="57" count="2" type="stmt"/>
        <line num="60" count="34" type="stmt"/>
        <line num="61" count="2" type="stmt"/>
        <line num="64" count="34" type="stmt"/>
        <line num="65" count="0" type="cond" truecount="0" falsecount="2"/>
        <line num="66" count="0" type="stmt"/>
        <line num="68" count="0" type="stmt"/>
        <line num="69" count="0" type="stmt"/>
        <line num="70" count="0" type="stmt"/>
        <line num="73" count="34" type="stmt"/>
        <line num="75" count="3" type="stmt"/>
        <line num="79" count="34" type="stmt"/>
        <line num="81" count="14" type="stmt"/>
        <line num="82" count="14" type="cond" truecount="2" falsecount="0"/>
        <line num="84" count="5" type="stmt"/>
        <line num="87" count="34" type="stmt"/>
      </file>
    </package>
    <package name="src.lib">
      <metrics statements="238" coveredstatements="227" conditionals="105" coveredconditionals="92" methods="32" coveredmethods="32"/>
      <file name="field-detector.ts" path="/Users/portablesheep/repos/fields/src/lib/field-detector.ts">
        <metrics statements="91" coveredstatements="91" conditionals="51" coveredconditionals="45" methods="9" coveredmethods="9"/>
        <line num="16" count="1" type="stmt"/>
        <line num="34" count="1" type="stmt"/>
        <line num="35" count="1" type="stmt"/>
        <line num="38" count="1" type="stmt"/>
        <line num="40" count="1" type="stmt"/>
        <line num="42" count="1" type="stmt"/>
        <line num="45" count="38" type="cond" truecount="2" falsecount="0"/>
        <line num="49" count="13" type="stmt"/>
        <line num="50" count="92" type="cond" truecount="2" falsecount="0"/>
        <line num="52" count="5" type="stmt"/>
        <line num="56" count="2" type="stmt"/>
        <line num="57" count="2" type="stmt"/>
        <line num="61" count="2" type="stmt"/>
        <line num="62" count="2" type="stmt"/>
        <line num="63" count="2" type="cond" truecount="2" falsecount="0"/>
        <line num="72" count="25" type="stmt"/>
        <line num="73" count="25" type="stmt"/>
        <line num="74" count="25" type="stmt"/>
        <line num="75" count="25" type="stmt"/>
        <line num="77" count="34" type="stmt"/>
        <line num="79" count="25" type="stmt"/>
        <line num="80" count="34" type="stmt"/>
        <line num="81" count="34" type="cond" truecount="2" falsecount="0"/>
        <line num="82" count="33" type="stmt"/>
        <line num="83" count="33" type="stmt"/>
        <line num="86" count="25" type="stmt"/>
        <line num="87" count="38" type="stmt"/>
        <line num="88" count="38" type="cond" truecount="3" falsecount="1"/>
        <line num="90" count="38" type="stmt"/>
        <line num="91" count="38" type="stmt"/>
        <line num="93" count="38" type="stmt"/>
        <line num="94" count="38" type="stmt"/>
        <line num="95" count="38" type="stmt"/>
        <line num="96" count="38" type="stmt"/>
        <line num="99" count="38" type="cond" truecount="2" falsecount="0"/>
        <line num="100" count="7" type="stmt"/>
        <line num="101" count="7" type="stmt"/>
        <line num="102" count="3" type="stmt"/>
        <line num="103" count="3" type="cond" truecount="3" falsecount="1"/>
        <line num="104" count="3" type="stmt"/>
        <line num="105" count="3" type="stmt"/>
        <line num="109" count="7" type="stmt"/>
        <line num="118" count="7" type="stmt"/>
        <line num="122" count="31" type="cond" truecount="2" falsecount="0"/>
        <line num="123" count="7" type="stmt"/>
        <line num="124" count="7" type="stmt"/>
        <line num="125" count="13" type="stmt"/>
        <line num="126" count="13" type="cond" truecount="4" falsecount="0"/>
        <line num="127" count="7" type="stmt"/>
        <line num="128" count="7" type="stmt"/>
        <line num="132" count="7" type="stmt"/>
        <line num="141" count="7" type="stmt"/>
        <line num="145" count="24" type="cond" truecount="4" falsecount="0"/>
        <line num="147" count="2" type="stmt"/>
        <line num="148" count="2" type="stmt"/>
        <line num="149" count="2" type="stmt"/>
        <line num="150" count="4" type="cond" truecount="1" falsecount="1"/>
        <line num="151" count="4" type="stmt"/>
        <line num="152" count="4" type="stmt"/>
        <line num="153" count="4" type="stmt"/>
        <line num="154" count="4" type="cond" truecount="1" falsecount="1"/>
        <line num="156" count="4" type="stmt"/>
        <line num="166" count="2" type="stmt"/>
        <line num="170" count="22" type="cond" truecount="2" falsecount="0"/>
        <line num="171" count="5" type="stmt"/>
        <line num="180" count="5" type="stmt"/>
        <line num="184" count="17" type="stmt"/>
        <line num="185" count="17" type="cond" truecount="2" falsecount="0"/>
        <line num="186" count="5" type="stmt"/>
        <line num="187" count="5" type="stmt"/>
        <line num="188" count="5" type="stmt"/>
        <line num="189" count="5" type="stmt"/>
        <line num="191" count="5" type="cond" truecount="1" falsecount="1"/>
        <line num="192" count="5" type="stmt"/>
        <line num="202" count="5" type="stmt"/>
        <line num="206" count="12" type="stmt"/>
        <line num="207" count="113" type="cond" truecount="2" falsecount="0"/>
        <line num="208" count="5" type="stmt"/>
        <line num="209" count="5" type="stmt"/>
        <line num="211" count="5" type="cond" truecount="1" falsecount="1"/>
        <line num="212" count="5" type="stmt"/>
        <line num="222" count="5" type="stmt"/>
        <line num="227" count="113" type="cond" truecount="2" falsecount="0"/>
        <line num="228" count="5" type="stmt"/>
        <line num="229" count="5" type="cond" truecount="2" falsecount="0"/>
        <line num="230" count="2" type="stmt"/>
        <line num="231" count="2" type="stmt"/>
        <line num="233" count="2" type="cond" truecount="4" falsecount="0"/>
        <line num="234" count="1" type="stmt"/>
        <line num="235" count="1" type="stmt"/>
        <line num="249" count="38" type="stmt"/>
      </file>
      <file name="history.ts" path="/Users/portablesheep/repos/fields/src/lib/history.ts">
        <metrics statements="53" coveredstatements="45" conditionals="18" coveredconditionals="15" methods="9" coveredmethods="9"/>
        <line num="5" count="1" type="stmt"/>
        <line num="6" count="1" type="stmt"/>
        <line num="16" count="127" type="stmt"/>
        <line num="17" count="127" type="stmt"/>
        <line num="18" count="1685" type="stmt"/>
        <line num="19" count="1685" type="stmt"/>
        <line num="21" count="127" type="stmt"/>
        <line num="27" count="127" type="stmt"/>
        <line num="28" count="127" type="cond" truecount="2" falsecount="2"/>
        <line num="29" count="127" type="stmt"/>
        <line num="32" count="0" type="stmt"/>
        <line num="33" count="0" type="stmt"/>
        <line num="34" count="0" type="stmt"/>
        <line num="35" count="0" type="stmt"/>
        <line num="37" count="0" type="stmt"/>
        <line num="38" count="0" type="stmt"/>
        <line num="42" count="6" type="cond" truecount="2" falsecount="0"/>
        <line num="43" count="4" type="stmt"/>
        <line num="44" count="4" type="stmt"/>
        <line num="45" count="6" type="cond" truecount="2" falsecount="0"/>
        <line num="47" count="4" type="stmt"/>
        <line num="48" count="5" type="cond" truecount="2" falsecount="0"/>
        <line num="50" count="4" type="stmt"/>
        <line num="54" count="127" type="stmt"/>
        <line num="55" count="127" type="stmt"/>
        <line num="56" count="127" type="stmt"/>
        <line num="57" count="127" type="cond" truecount="1" falsecount="1"/>
        <line num="58" count="127" type="stmt"/>
        <line num="60" count="127" type="stmt"/>
        <line num="64" count="127" type="stmt"/>
        <line num="65" count="127" type="stmt"/>
        <line num="69" count="65" type="stmt"/>
        <line num="70" count="65" type="stmt"/>
        <line num="71" count="65" type="stmt"/>
        <line num="72" count="65" type="cond" truecount="2" falsecount="0"/>
        <line num="73" count="55" type="stmt"/>
        <line num="74" count="55" type="stmt"/>
        <line num="75" count="55" type="stmt"/>
        <line num="77" count="0" type="stmt"/>
        <line num="87" count="60" type="stmt"/>
        <line num="88" count="60" type="stmt"/>
        <line num="95" count="60" type="stmt"/>
        <line num="98" count="60" type="stmt"/>
        <line num="99" count="1" type="stmt"/>
        <line num="102" count="60" type="stmt"/>
        <line num="103" count="60" type="stmt"/>
        <line num="105" count="60" type="stmt"/>
        <line num="109" count="2" type="stmt"/>
        <line num="110" count="2" type="stmt"/>
        <line num="111" count="2" type="stmt"/>
        <line num="112" count="2" type="cond" truecount="2" falsecount="0"/>
        <line num="113" count="1" type="stmt"/>
        <line num="116" count="0" type="stmt"/>
      </file>
      <file name="pdf-saver.ts" path="/Users/portablesheep/repos/fields/src/lib/pdf-saver.ts">
        <metrics statements="58" coveredstatements="56" conditionals="30" coveredconditionals="26" methods="4" coveredmethods="4"/>
        <line num="5" count="8" type="stmt"/>
        <line num="6" count="8" type="cond" truecount="2" falsecount="0"/>
        <line num="7" count="7" type="stmt"/>
        <line num="15" count="3" type="cond" truecount="1" falsecount="1"/>
        <line num="16" count="3" type="stmt"/>
        <line num="17" count="3" type="cond" truecount="1" falsecount="1"/>
        <line num="19" count="3" type="stmt"/>
        <line num="20" count="3" type="stmt"/>
        <line num="21" count="3" type="stmt"/>
        <line num="23" count="3" type="cond" truecount="3" falsecount="1"/>
        <line num="24" count="1" type="stmt"/>
        <line num="25" count="1" type="stmt"/>
        <line num="26" count="1" type="stmt"/>
        <line num="27" count="0" type="stmt"/>
        <line num="36" count="18" type="stmt"/>
        <line num="37" count="18" type="stmt"/>
        <line num="40" count="18" type="stmt"/>
        <line num="41" count="18" type="stmt"/>
        <line num="42" count="16" type="cond" truecount="1" falsecount="1"/>
        <line num="43" count="16" type="stmt"/>
        <line num="46" count="18" type="stmt"/>
        <line num="48" count="18" type="stmt"/>
        <line num="49" count="16" type="cond" truecount="2" falsecount="0"/>
        <line num="50" count="15" type="stmt"/>
        <line num="51" count="15" type="stmt"/>
        <line num="53" count="15" type="stmt"/>
        <line num="55" count="15" type="stmt"/>
        <line num="57" count="15" type="cond" truecount="4" falsecount="0"/>
        <line num="59" count="6" type="stmt"/>
        <line num="60" count="6" type="cond" truecount="2" falsecount="0"/>
        <line num="61" count="5" type="stmt"/>
        <line num="62" count="5" type="stmt"/>
        <line num="69" count="5" type="stmt"/>
        <line num="72" count="3" type="stmt"/>
        <line num="73" count="3" type="cond" truecount="2" falsecount="0"/>
        <line num="74" count="2" type="stmt"/>
        <line num="84" count="3" type="cond" truecount="2" falsecount="0"/>
        <line num="85" count="1" type="stmt"/>
        <line num="92" count="1" type="stmt"/>
        <line num="95" count="4" type="stmt"/>
        <line num="96" count="4" type="cond" truecount="2" falsecount="0"/>
        <line num="97" count="3" type="stmt"/>
        <line num="98" count="3" type="stmt"/>
        <line num="99" count="3" type="stmt"/>
        <line num="106" count="3" type="stmt"/>
        <line num="109" count="2" type="stmt"/>
        <line num="110" count="2" type="cond" truecount="2" falsecount="0"/>
        <line num="111" count="1" type="stmt"/>
        <line num="112" count="1" type="stmt"/>
        <line num="113" count="1" type="stmt"/>
        <line num="114" count="1" type="stmt"/>
        <line num="121" count="0" type="stmt"/>
        <line num="123" count="1" type="stmt"/>
        <line num="129" count="17" type="cond" truecount="2" falsecount="0"/>
        <line num="131" count="2" type="stmt"/>
        <line num="132" count="2" type="stmt"/>
        <line num="133" count="2" type="stmt"/>
        <line num="139" count="17" type="stmt"/>
      </file>
      <file name="storage.ts" path="/Users/portablesheep/repos/fields/src/lib/storage.ts">
        <metrics statements="36" coveredstatements="35" conditionals="6" coveredconditionals="6" methods="10" coveredmethods="10"/>
        <line num="4" count="1" type="stmt"/>
        <line num="5" count="1" type="stmt"/>
        <line num="6" count="1" type="stmt"/>
        <line num="9" count="71" type="stmt"/>
        <line num="10" count="71" type="stmt"/>
        <line num="11" count="71" type="cond" truecount="2" falsecount="0"/>
        <line num="12" count="69" type="stmt"/>
        <line num="14" count="71" type="stmt"/>
        <line num="18" count="41" type="stmt"/>
        <line num="19" count="41" type="stmt"/>
        <line num="20" count="41" type="stmt"/>
        <line num="21" count="41" type="stmt"/>
        <line num="22" count="41" type="cond" truecount="2" falsecount="0"/>
        <line num="23" count="31" type="stmt"/>
        <line num="24" count="29" type="stmt"/>
        <line num="25" count="29" type="stmt"/>
        <line num="27" count="2" type="stmt"/>
        <line num="32" count="30" type="stmt"/>
        <line num="33" count="30" type="stmt"/>
        <line num="34" count="30" type="stmt"/>
        <line num="35" count="30" type="stmt"/>
        <line num="36" count="30" type="stmt"/>
        <line num="38" count="0" type="stmt"/>
        <line num="51" count="16" type="stmt"/>
        <line num="55" count="8" type="stmt"/>
        <line num="56" count="8" type="stmt"/>
        <line num="62" count="8" type="stmt"/>
        <line num="63" count="8" type="stmt"/>
        <line num="64" count="8" type="stmt"/>
        <line num="68" count="2" type="stmt"/>
        <line num="69" count="3" type="stmt"/>
        <line num="80" count="25" type="stmt"/>
        <line num="84" count="20" type="stmt"/>
        <line num="85" count="99" type="stmt"/>
        <line num="86" count="20" type="stmt"/>
        <line num="87" count="20" type="stmt"/>
      </file>
    </package>
    <package name="test.mocks">
      <metrics statements="31" coveredstatements="24" conditionals="4" coveredconditionals="2" methods="10" coveredmethods="6"/>
      <file name="tauri-plugins.ts" path="/Users/portablesheep/repos/fields/test/mocks/tauri-plugins.ts">
        <metrics statements="31" coveredstatements="24" conditionals="4" coveredconditionals="2" methods="10" coveredmethods="6"/>
        <line num="4" count="2" type="stmt"/>
        <line num="6" count="2" type="stmt"/>
        <line num="32" count="477" type="cond" truecount="1" falsecount="1"/>
        <line num="33" count="477" type="stmt"/>
        <line num="36" count="2" type="stmt"/>
        <line num="38" count="84" type="stmt"/>
        <line num="39" count="84" type="stmt"/>
        <line num="40" count="84" type="cond" truecount="1" falsecount="1"/>
        <line num="41" count="0" type="stmt"/>
        <line num="43" count="84" type="stmt"/>
        <line num="47" count="2" type="stmt"/>
        <line num="53" count="91" type="stmt"/>
        <line num="54" count="91" type="stmt"/>
        <line num="58" count="2" type="stmt"/>
        <line num="60" count="0" type="stmt"/>
        <line num="61" count="0" type="stmt"/>
        <line num="65" count="2" type="stmt"/>
        <line num="71" count="0" type="stmt"/>
        <line num="72" count="0" type="stmt"/>
        <line num="76" count="2" type="stmt"/>
        <line num="78" count="302" type="stmt"/>
        <line num="79" count="302" type="stmt"/>
        <line num="83" count="2" type="stmt"/>
        <line num="88" count="2" type="stmt"/>
        <line num="89" count="0" type="stmt"/>
        <line num="92" count="2" type="stmt"/>
        <line num="93" count="0" type="stmt"/>
        <line num="97" count="2" type="stmt"/>
        <line num="107" count="2" type="stmt"/>
        <line num="117" count="23" type="stmt"/>
        <line num="118" count="23" type="stmt"/>
      </file>
    </package>
  </project>
</coverage>
