{"/Users/portablesheep/repos/fields/e2e-desktop/setup.ts": {"path":"/Users/portablesheep/repos/fields/e2e-desktop/setup.ts","statementMap":{"0":{"start":{"line":2,"column":33},"end":{"line":2,"column":null}},"1":{"start":{"line":3,"column":33},"end":{"line":3,"column":null}},"2":{"start":{"line":4,"column":30},"end":{"line":4,"column":null}},"3":{"start":{"line":7,"column":18},"end":{"line":7,"column":null}},"4":{"start":{"line":8,"column":20},"end":{"line":8,"column":null}},"5":{"start":{"line":12,"column":15},"end":{"line":12,"column":null}},"6":{"start":{"line":13,"column":2},"end":{"line":23,"column":null}},"7":{"start":{"line":15,"column":6},"end":{"line":15,"column":null}},"8":{"start":{"line":17,"column":6},"end":{"line":17,"column":null}},"9":{"start":{"line":19,"column":6},"end":{"line":22,"column":null}},"10":{"start":{"line":40,"column":26},"end":{"line":40,"column":null}},"11":{"start":{"line":43,"column":25},"end":{"line":43,"column":null}},"12":{"start":{"line":44,"column":22},"end":{"line":46,"column":null}},"13":{"start":{"line":48,"column":16},"end":{"line":48,"column":null}},"14":{"start":{"line":49,"column":2},"end":{"line":53,"column":null}},"15":{"start":{"line":50,"column":4},"end":{"line":52,"column":null}},"16":{"start":{"line":51,"column":6},"end":{"line":51,"column":null}},"17":{"start":{"line":56,"column":2},"end":{"line":56,"column":null}},"18":{"start":{"line":56,"column":27},"end":{"line":56,"column":46}},"19":{"start":{"line":58,"column":23},"end":{"line":58,"column":null}},"20":{"start":{"line":59,"column":2},"end":{"line":59,"column":null}},"21":{"start":{"line":60,"column":2},"end":{"line":60,"column":null}},"22":{"start":{"line":62,"column":17},"end":{"line":65,"column":null}},"23":{"start":{"line":67,"column":18},"end":{"line":71,"column":null}},"24":{"start":{"line":68,"column":4},"end":{"line":68,"column":null}},"25":{"start":{"line":69,"column":4},"end":{"line":69,"column":null}},"26":{"start":{"line":70,"column":4},"end":{"line":70,"column":null}},"27":{"start":{"line":73,"column":2},"end":{"line":73,"column":null}}},"fnMap":{"0":{"name":"getApplicationPath","decl":{"start":{"line":11,"column":9},"end":{"line":11,"column":38}},"loc":{"start":{"line":11,"column":38},"end":{"line":24,"column":null}},"line":11},"1":{"name":"setupTauriDriver","decl":{"start":{"line":39,"column":22},"end":{"line":39,"column":68}},"loc":{"start":{"line":39,"column":68},"end":{"line":74,"column":null}},"line":39},"2":{"name":"(anonymous_2)","decl":{"start":{"line":49,"column":26},"end":{"line":49,"column":27}},"loc":{"start":{"line":49,"column":35},"end":{"line":53,"column":3}},"line":49},"3":{"name":"(anonymous_3)","decl":{"start":{"line":56,"column":20},"end":{"line":56,"column":21}},"loc":{"start":{"line":56,"column":27},"end":{"line":56,"column":46}},"line":56},"4":{"name":"(anonymous_4)","decl":{"start":{"line":67,"column":18},"end":{"line":67,"column":30}},"loc":{"start":{"line":67,"column":30},"end":{"line":71,"column":null}},"line":67},"5":{"name":"(anonymous_5)","decl":{"start":{"line":69,"column":30},"end":{"line":69,"column":36}},"loc":{"start":{"line":69,"column":36},"end":{"line":69,"column":38}},"line":69}},"branchMap":{"0":{"loc":{"start":{"line":13,"column":2},"end":{"line":23,"column":null}},"type":"switch","locations":[{"start":{"line":14,"column":4},"end":{"line":15,"column":null}},{"start":{"line":16,"column":4},"end":{"line":17,"column":null}},{"start":{"line":18,"column":4},"end":{"line":22,"column":null}}],"line":13},"1":{"loc":{"start":{"line":50,"column":4},"end":{"line":52,"column":null}},"type":"if","locations":[{"start":{"line":50,"column":4},"end":{"line":52,"column":null}},{"start":{},"end":{}}],"line":50}},"s":{"0":1,"1":1,"2":1,"3":1,"4":1,"5":0,"6":0,"7":0,"8":0,"9":0,"10":0,"11":0,"12":0,"13":0,"14":0,"15":0,"16":0,"17":0,"18":0,"19":0,"20":0,"21":0,"22":0,"23":0,"24":0,"25":0,"26":0,"27":0},"f":{"0":0,"1":0,"2":0,"3":0,"4":0,"5":0},"b":{"0":[0,0,0],"1":[0,0]},"meta":{"lastBranch":2,"lastFunction":6,"lastStatement":28,"seen":{"s:2:33:2:Infinity":0,"s:3:33:3:Infinity":1,"s:4:30:4:Infinity":2,"s:7:18:7:Infinity":3,"s:8:20:8:Infinity":4,"f:11:9:11:38":0,"s:12:15:12:Infinity":5,"b:14:4:15:Infinity:16:4:17:Infinity:18:4:22:Infinity":0,"s:13:2:23:Infinity":6,"s:15:6:15:Infinity":7,"s:17:6:17:Infinity":8,"s:19:6:22:Infinity":9,"f:39:22:39:68":1,"s:40:26:40:Infinity":10,"s:43:25:43:Infinity":11,"s:44:22:46:Infinity":12,"s:48:16:48:Infinity":13,"s:49:2:53:Infinity":14,"f:49:26:49:27":2,"b:50:4:52:Infinity:undefined:undefined:undefined:undefined":1,"s:50:4:52:Infinity":15,"s:51:6:51:Infinity":16,"s:56:2:56:Infinity":17,"f:56:20:56:21":3,"s:56:27:56:46":18,"s:58:23:58:Infinity":19,"s:59:2:59:Infinity":20,"s:60:2:60:Infinity":21,"s:62:17:65:Infinity":22,"s:67:18:71:Infinity":23,"f:67:18:67:30":4,"s:68:4:68:Infinity":24,"s:69:4:69:Infinity":25,"f:69:30:69:36":5,"s:70:4:70:Infinity":26,"s:73:2:73:Infinity":27}}}
,"/Users/portablesheep/repos/fields/src/components/Annotations/AnnotationLayer.tsx": {"path":"/Users/portablesheep/repos/fields/src/components/Annotations/AnnotationLayer.tsx","statementMap":{"0":{"start":{"line":22,"column":63},"end":{"line":320,"column":null}},"1":{"start":{"line":36,"column":8},"end":{"line":36,"column":null}},"2":{"start":{"line":37,"column":8},"end":{"line":43,"column":null}},"3":{"start":{"line":45,"column":8},"end":{"line":74,"column":null}},"4":{"start":{"line":47,"column":6},"end":{"line":50,"column":null}},"5":{"start":{"line":48,"column":8},"end":{"line":48,"column":null}},"6":{"start":{"line":49,"column":8},"end":{"line":49,"column":null}},"7":{"start":{"line":52,"column":19},"end":{"line":52,"column":null}},"8":{"start":{"line":53,"column":6},"end":{"line":53,"column":null}},"9":{"start":{"line":53,"column":17},"end":{"line":53,"column":null}},"10":{"start":{"line":55,"column":12},"end":{"line":55,"column":null}},"11":{"start":{"line":56,"column":12},"end":{"line":56,"column":null}},"12":{"start":{"line":58,"column":77},"end":{"line":63,"column":null}},"13":{"start":{"line":65,"column":19},"end":{"line":65,"column":null}},"14":{"start":{"line":67,"column":6},"end":{"line":71,"column":null}},"15":{"start":{"line":68,"column":8},"end":{"line":68,"column":null}},"16":{"start":{"line":70,"column":8},"end":{"line":70,"column":null}},"17":{"start":{"line":76,"column":8},"end":{"line":193,"column":null}},"18":{"start":{"line":78,"column":6},"end":{"line":78,"column":null}},"19":{"start":{"line":79,"column":6},"end":{"line":79,"column":null}},"20":{"start":{"line":81,"column":18},"end":{"line":81,"column":null}},"21":{"start":{"line":81,"column":42},"end":{"line":81,"column":53}},"22":{"start":{"line":82,"column":6},"end":{"line":82,"column":null}},"23":{"start":{"line":82,"column":16},"end":{"line":82,"column":null}},"24":{"start":{"line":84,"column":21},"end":{"line":84,"column":null}},"25":{"start":{"line":85,"column":29},"end":{"line":85,"column":null}},"26":{"start":{"line":87,"column":6},"end":{"line":146,"column":null}},"27":{"start":{"line":89,"column":23},"end":{"line":95,"column":null}},"28":{"start":{"line":97,"column":23},"end":{"line":97,"column":null}},"29":{"start":{"line":98,"column":23},"end":{"line":98,"column":null}},"30":{"start":{"line":99,"column":25},"end":{"line":99,"column":null}},"31":{"start":{"line":101,"column":33},"end":{"line":130,"column":null}},"32":{"start":{"line":102,"column":16},"end":{"line":102,"column":null}},"33":{"start":{"line":103,"column":16},"end":{"line":103,"column":null}},"34":{"start":{"line":105,"column":24},"end":{"line":105,"column":null}},"35":{"start":{"line":106,"column":10},"end":{"line":127,"column":null}},"36":{"start":{"line":108,"column":14},"end":{"line":108,"column":null}},"37":{"start":{"line":109,"column":14},"end":{"line":109,"column":null}},"38":{"start":{"line":110,"column":14},"end":{"line":110,"column":null}},"39":{"start":{"line":112,"column":14},"end":{"line":112,"column":null}},"40":{"start":{"line":113,"column":14},"end":{"line":113,"column":null}},"41":{"start":{"line":114,"column":14},"end":{"line":114,"column":null}},"42":{"start":{"line":115,"column":14},"end":{"line":115,"column":null}},"43":{"start":{"line":117,"column":14},"end":{"line":117,"column":null}},"44":{"start":{"line":118,"column":14},"end":{"line":118,"column":null}},"45":{"start":{"line":119,"column":14},"end":{"line":119,"column":null}},"46":{"start":{"line":120,"column":14},"end":{"line":120,"column":null}},"47":{"start":{"line":122,"column":14},"end":{"line":122,"column":null}},"48":{"start":{"line":123,"column":14},"end":{"line":123,"column":null}},"49":{"start":{"line":124,"column":14},"end":{"line":124,"column":null}},"50":{"start":{"line":125,"column":14},"end":{"line":125,"column":null}},"51":{"start":{"line":126,"column":14},"end":{"line":126,"column":null}},"52":{"start":{"line":129,"column":10},"end":{"line":129,"column":null}},"53":{"start":{"line":132,"column":31},"end":{"line":141,"column":null}},"54":{"start":{"line":133,"column":10},"end":{"line":133,"column":null}},"55":{"start":{"line":134,"column":10},"end":{"line":134,"column":null}},"56":{"start":{"line":136,"column":27},"end":{"line":139,"column":null}},"57":{"start":{"line":137,"column":12},"end":{"line":137,"column":null}},"58":{"start":{"line":138,"column":12},"end":{"line":138,"column":null}},"59":{"start":{"line":140,"column":10},"end":{"line":140,"column":null}},"60":{"start":{"line":143,"column":8},"end":{"line":143,"column":null}},"61":{"start":{"line":144,"column":8},"end":{"line":144,"column":null}},"62":{"start":{"line":145,"column":8},"end":{"line":145,"column":null}},"63":{"start":{"line":149,"column":20},"end":{"line":149,"column":null}},"64":{"start":{"line":151,"column":6},"end":{"line":157,"column":null}},"65":{"start":{"line":159,"column":25},"end":{"line":171,"column":null}},"66":{"start":{"line":160,"column":8},"end":{"line":160,"column":null}},"67":{"start":{"line":160,"column":35},"end":{"line":160,"column":null}},"68":{"start":{"line":161,"column":14},"end":{"line":161,"column":null}},"69":{"start":{"line":162,"column":14},"end":{"line":162,"column":null}},"70":{"start":{"line":163,"column":8},"end":{"line":163,"column":null}},"71":{"start":{"line":163,"column":50},"end":{"line":163,"column":null}},"72":{"start":{"line":164,"column":8},"end":{"line":170,"column":null}},"73":{"start":{"line":173,"column":23},"end":{"line":187,"column":null}},"74":{"start":{"line":174,"column":8},"end":{"line":174,"column":null}},"75":{"start":{"line":175,"column":8},"end":{"line":175,"column":null}},"76":{"start":{"line":176,"column":8},"end":{"line":176,"column":null}},"77":{"start":{"line":178,"column":8},"end":{"line":186,"column":null}},"78":{"start":{"line":181,"column":27},"end":{"line":184,"column":null}},"79":{"start":{"line":182,"column":12},"end":{"line":182,"column":null}},"80":{"start":{"line":183,"column":12},"end":{"line":183,"column":null}},"81":{"start":{"line":185,"column":10},"end":{"line":185,"column":null}},"82":{"start":{"line":189,"column":6},"end":{"line":189,"column":null}},"83":{"start":{"line":190,"column":6},"end":{"line":190,"column":null}},"84":{"start":{"line":195,"column":8},"end":{"line":202,"column":null}},"85":{"start":{"line":197,"column":6},"end":{"line":197,"column":null}},"86":{"start":{"line":198,"column":6},"end":{"line":198,"column":null}},"87":{"start":{"line":199,"column":6},"end":{"line":199,"column":null}},"88":{"start":{"line":204,"column":8},"end":{"line":211,"column":null}},"89":{"start":{"line":206,"column":6},"end":{"line":206,"column":null}},"90":{"start":{"line":207,"column":6},"end":{"line":207,"column":null}},"91":{"start":{"line":208,"column":6},"end":{"line":208,"column":null}},"92":{"start":{"line":213,"column":24},"end":{"line":213,"column":null}},"93":{"start":{"line":215,"column":2},"end":{"line":318,"column":null}},"94":{"start":{"line":223,"column":8},"end":{"line":237,"column":null}},"95":{"start":{"line":232,"column":26},"end":{"line":232,"column":null}},"96":{"start":{"line":233,"column":32},"end":{"line":233,"column":null}},"97":{"start":{"line":242,"column":43},"end":{"line":247,"column":null}},"98":{"start":{"line":249,"column":27},"end":{"line":249,"column":null}},"99":{"start":{"line":251,"column":8},"end":{"line":316,"column":null}},"100":{"start":{"line":253,"column":12},"end":{"line":262,"column":null}},"101":{"start":{"line":260,"column":36},"end":{"line":260,"column":null}},"102":{"start":{"line":261,"column":39},"end":{"line":261,"column":null}},"103":{"start":{"line":265,"column":12},"end":{"line":274,"column":null}},"104":{"start":{"line":272,"column":36},"end":{"line":272,"column":null}},"105":{"start":{"line":273,"column":39},"end":{"line":273,"column":null}},"106":{"start":{"line":277,"column":12},"end":{"line":286,"column":null}},"107":{"start":{"line":284,"column":36},"end":{"line":284,"column":null}},"108":{"start":{"line":285,"column":39},"end":{"line":285,"column":null}},"109":{"start":{"line":289,"column":12},"end":{"line":312,"column":null}},"110":{"start":{"line":294,"column":36},"end":{"line":294,"column":null}},"111":{"start":{"line":315,"column":12},"end":{"line":315,"column":null}}},"fnMap":{"0":{"name":"(anonymous_0)","decl":{"start":{"line":22,"column":63},"end":{"line":22,"column":64}},"loc":{"start":{"line":35,"column":6},"end":{"line":320,"column":null}},"line":35},"1":{"name":"(anonymous_1)","decl":{"start":{"line":46,"column":4},"end":{"line":46,"column":5}},"loc":{"start":{"line":46,"column":29},"end":{"line":72,"column":null}},"line":46},"2":{"name":"(anonymous_2)","decl":{"start":{"line":77,"column":4},"end":{"line":77,"column":5}},"loc":{"start":{"line":77,"column":41},"end":{"line":191,"column":null}},"line":77},"3":{"name":"(anonymous_3)","decl":{"start":{"line":81,"column":35},"end":{"line":81,"column":36}},"loc":{"start":{"line":81,"column":42},"end":{"line":81,"column":53}},"line":81},"4":{"name":"(anonymous_4)","decl":{"start":{"line":101,"column":33},"end":{"line":101,"column":34}},"loc":{"start":{"line":101,"column":53},"end":{"line":130,"column":null}},"line":101},"5":{"name":"(anonymous_5)","decl":{"start":{"line":132,"column":31},"end":{"line":132,"column":37}},"loc":{"start":{"line":132,"column":37},"end":{"line":141,"column":null}},"line":132},"6":{"name":"(anonymous_6)","decl":{"start":{"line":136,"column":27},"end":{"line":136,"column":28}},"loc":{"start":{"line":136,"column":47},"end":{"line":139,"column":null}},"line":136},"7":{"name":"(anonymous_7)","decl":{"start":{"line":159,"column":25},"end":{"line":159,"column":26}},"loc":{"start":{"line":159,"column":45},"end":{"line":171,"column":null}},"line":159},"8":{"name":"(anonymous_8)","decl":{"start":{"line":173,"column":23},"end":{"line":173,"column":29}},"loc":{"start":{"line":173,"column":29},"end":{"line":187,"column":null}},"line":173},"9":{"name":"(anonymous_9)","decl":{"start":{"line":181,"column":27},"end":{"line":181,"column":28}},"loc":{"start":{"line":181,"column":47},"end":{"line":184,"column":null}},"line":181},"10":{"name":"(anonymous_10)","decl":{"start":{"line":196,"column":4},"end":{"line":196,"column":5}},"loc":{"start":{"line":196,"column":51},"end":{"line":200,"column":null}},"line":196},"11":{"name":"(anonymous_11)","decl":{"start":{"line":205,"column":4},"end":{"line":205,"column":5}},"loc":{"start":{"line":205,"column":46},"end":{"line":209,"column":null}},"line":205},"12":{"name":"(anonymous_12)","decl":{"start":{"line":222,"column":26},"end":{"line":222,"column":27}},"loc":{"start":{"line":223,"column":8},"end":{"line":237,"column":null}},"line":223},"13":{"name":"(anonymous_13)","decl":{"start":{"line":232,"column":19},"end":{"line":232,"column":20}},"loc":{"start":{"line":232,"column":26},"end":{"line":232,"column":null}},"line":232},"14":{"name":"(anonymous_14)","decl":{"start":{"line":233,"column":25},"end":{"line":233,"column":26}},"loc":{"start":{"line":233,"column":32},"end":{"line":233,"column":null}},"line":233},"15":{"name":"(anonymous_15)","decl":{"start":{"line":241,"column":23},"end":{"line":241,"column":24}},"loc":{"start":{"line":241,"column":32},"end":{"line":317,"column":7}},"line":241},"16":{"name":"(anonymous_16)","decl":{"start":{"line":260,"column":29},"end":{"line":260,"column":30}},"loc":{"start":{"line":260,"column":36},"end":{"line":260,"column":null}},"line":260},"17":{"name":"(anonymous_17)","decl":{"start":{"line":261,"column":26},"end":{"line":261,"column":27}},"loc":{"start":{"line":261,"column":39},"end":{"line":261,"column":null}},"line":261},"18":{"name":"(anonymous_18)","decl":{"start":{"line":272,"column":29},"end":{"line":272,"column":30}},"loc":{"start":{"line":272,"column":36},"end":{"line":272,"column":null}},"line":272},"19":{"name":"(anonymous_19)","decl":{"start":{"line":273,"column":26},"end":{"line":273,"column":27}},"loc":{"start":{"line":273,"column":39},"end":{"line":273,"column":null}},"line":273},"20":{"name":"(anonymous_20)","decl":{"start":{"line":284,"column":29},"end":{"line":284,"column":30}},"loc":{"start":{"line":284,"column":36},"end":{"line":284,"column":null}},"line":284},"21":{"name":"(anonymous_21)","decl":{"start":{"line":285,"column":26},"end":{"line":285,"column":27}},"loc":{"start":{"line":285,"column":39},"end":{"line":285,"column":null}},"line":285},"22":{"name":"(anonymous_22)","decl":{"start":{"line":294,"column":29},"end":{"line":294,"column":30}},"loc":{"start":{"line":294,"column":36},"end":{"line":294,"column":null}},"line":294}},"branchMap":{"0":{"loc":{"start":{"line":47,"column":6},"end":{"line":50,"column":null}},"type":"if","locations":[{"start":{"line":47,"column":6},"end":{"line":50,"column":null}},{"start":{},"end":{}}],"line":47},"1":{"loc":{"start":{"line":47,"column":10},"end":{"line":47,"column":50}},"type":"binary-expr","locations":[{"start":{"line":47,"column":10},"end":{"line":47,"column":25}},{"start":{"line":47,"column":25},"end":{"line":47,"column":50}}],"line":47},"2":{"loc":{"start":{"line":53,"column":6},"end":{"line":53,"column":null}},"type":"if","locations":[{"start":{"line":53,"column":6},"end":{"line":53,"column":null}},{"start":{},"end":{}}],"line":53},"3":{"loc":{"start":{"line":65,"column":19},"end":{"line":65,"column":null}},"type":"binary-expr","locations":[{"start":{"line":65,"column":19},"end":{"line":65,"column":47}},{"start":{"line":65,"column":47},"end":{"line":65,"column":null}}],"line":65},"4":{"loc":{"start":{"line":67,"column":6},"end":{"line":71,"column":null}},"type":"if","locations":[{"start":{"line":67,"column":6},"end":{"line":71,"column":null}},{"start":{"line":69,"column":13},"end":{"line":71,"column":null}}],"line":67},"5":{"loc":{"start":{"line":82,"column":6},"end":{"line":82,"column":null}},"type":"if","locations":[{"start":{"line":82,"column":6},"end":{"line":82,"column":null}},{"start":{},"end":{}}],"line":82},"6":{"loc":{"start":{"line":87,"column":6},"end":{"line":146,"column":null}},"type":"if","locations":[{"start":{"line":87,"column":6},"end":{"line":146,"column":null}},{"start":{},"end":{}}],"line":87},"7":{"loc":{"start":{"line":89,"column":23},"end":{"line":95,"column":null}},"type":"cond-expr","locations":[{"start":{"line":90,"column":12},"end":{"line":90,"column":null}},{"start":{"line":91,"column":12},"end":{"line":95,"column":null}}],"line":89},"8":{"loc":{"start":{"line":91,"column":12},"end":{"line":95,"column":null}},"type":"cond-expr","locations":[{"start":{"line":92,"column":14},"end":{"line":92,"column":null}},{"start":{"line":93,"column":14},"end":{"line":95,"column":null}}],"line":91},"9":{"loc":{"start":{"line":93,"column":14},"end":{"line":95,"column":null}},"type":"cond-expr","locations":[{"start":{"line":94,"column":16},"end":{"line":94,"column":null}},{"start":{"line":95,"column":16},"end":{"line":95,"column":null}}],"line":93},"10":{"loc":{"start":{"line":106,"column":10},"end":{"line":127,"column":null}},"type":"switch","locations":[{"start":{"line":107,"column":12},"end":{"line":110,"column":null}},{"start":{"line":111,"column":12},"end":{"line":115,"column":null}},{"start":{"line":116,"column":12},"end":{"line":120,"column":null}},{"start":{"line":121,"column":12},"end":{"line":126,"column":null}}],"line":106},"11":{"loc":{"start":{"line":160,"column":8},"end":{"line":160,"column":null}},"type":"if","locations":[{"start":{"line":160,"column":8},"end":{"line":160,"column":null}},{"start":{},"end":{}}],"line":160},"12":{"loc":{"start":{"line":163,"column":8},"end":{"line":163,"column":null}},"type":"if","locations":[{"start":{"line":163,"column":8},"end":{"line":163,"column":null}},{"start":{},"end":{}}],"line":163},"13":{"loc":{"start":{"line":163,"column":12},"end":{"line":163,"column":50}},"type":"binary-expr","locations":[{"start":{"line":163,"column":12},"end":{"line":163,"column":32}},{"start":{"line":163,"column":32},"end":{"line":163,"column":50}}],"line":163},"14":{"loc":{"start":{"line":178,"column":8},"end":{"line":186,"column":null}},"type":"if","locations":[{"start":{"line":178,"column":8},"end":{"line":186,"column":null}},{"start":{},"end":{}}],"line":178},"15":{"loc":{"start":{"line":218,"column":37},"end":{"line":218,"column":71}},"type":"cond-expr","locations":[{"start":{"line":218,"column":53},"end":{"line":218,"column":69}},{"start":{"line":218,"column":69},"end":{"line":218,"column":71}}],"line":218},"16":{"loc":{"start":{"line":251,"column":8},"end":{"line":316,"column":null}},"type":"switch","locations":[{"start":{"line":252,"column":10},"end":{"line":262,"column":null}},{"start":{"line":264,"column":10},"end":{"line":274,"column":null}},{"start":{"line":276,"column":10},"end":{"line":286,"column":null}},{"start":{"line":288,"column":10},"end":{"line":312,"column":null}},{"start":{"line":314,"column":10},"end":{"line":315,"column":null}}],"line":251},"17":{"loc":{"start":{"line":292,"column":46},"end":{"line":292,"column":74}},"type":"cond-expr","locations":[{"start":{"line":292,"column":59},"end":{"line":292,"column":72}},{"start":{"line":292,"column":72},"end":{"line":292,"column":74}}],"line":292},"18":{"loc":{"start":{"line":296,"column":17},"end":{"line":302,"column":null}},"type":"binary-expr","locations":[{"start":{"line":296,"column":17},"end":{"line":296,"column":null}},{"start":{"line":297,"column":18},"end":{"line":302,"column":null}}],"line":296},"19":{"loc":{"start":{"line":304,"column":17},"end":{"line":310,"column":null}},"type":"binary-expr","locations":[{"start":{"line":304,"column":17},"end":{"line":304,"column":null}},{"start":{"line":305,"column":18},"end":{"line":310,"column":null}}],"line":304}},"s":{"0":1,"1":7,"2":7,"3":7,"4":4,"5":2,"6":2,"7":2,"8":4,"9":0,"10":2,"11":2,"12":2,"13":2,"14":4,"15":1,"16":1,"17":7,"18":0,"19":0,"20":0,"21":0,"22":0,"23":0,"24":0,"25":0,"26":0,"27":0,"28":0,"29":0,"30":0,"31":0,"32":0,"33":0,"34":0,"35":0,"36":0,"37":0,"38":0,"39":0,"40":0,"41":0,"42":0,"43":0,"44":0,"45":0,"46":0,"47":0,"48":0,"49":0,"50":0,"51":0,"52":0,"53":0,"54":0,"55":0,"56":0,"57":0,"58":0,"59":0,"60":0,"61":0,"62":0,"63":0,"64":0,"65":0,"66":0,"67":0,"68":0,"69":0,"70":0,"71":0,"72":0,"73":0,"74":0,"75":0,"76":0,"77":0,"78":0,"79":0,"80":0,"81":0,"82":0,"83":0,"84":7,"85":1,"86":1,"87":1,"88":7,"89":0,"90":0,"91":0,"92":7,"93":7,"94":2,"95":1,"96":0,"97":2,"98":2,"99":2,"100":1,"101":0,"102":0,"103":1,"104":0,"105":0,"106":0,"107":0,"108":0,"109":0,"110":0,"111":0},"f":{"0":7,"1":4,"2":0,"3":0,"4":0,"5":0,"6":0,"7":0,"8":0,"9":0,"10":1,"11":0,"12":2,"13":1,"14":0,"15":2,"16":0,"17":0,"18":0,"19":0,"20":0,"21":0,"22":0},"b":{"0":[2,2],"1":[4,3],"2":[0,4],"3":[2,0],"4":[1,1],"5":[0,0],"6":[0,0],"7":[0,0],"8":[0,0],"9":[0,0],"10":[0,0,0,0],"11":[0,0],"12":[0,0],"13":[0,0],"14":[0,0],"15":[3,4],"16":[1,1,0,0,0],"17":[0,0],"18":[0,0],"19":[0,0]},"meta":{"lastBranch":20,"lastFunction":23,"lastStatement":112,"seen":{"s:22:63:320:Infinity":0,"f:22:63:22:64":0,"s:36:8:36:Infinity":1,"s:37:8:43:Infinity":2,"s:45:8:74:Infinity":3,"f:46:4:46:5":1,"b:47:6:50:Infinity:undefined:undefined:undefined:undefined":0,"s:47:6:50:Infinity":4,"b:47:10:47:25:47:25:47:50":1,"s:48:8:48:Infinity":5,"s:49:8:49:Infinity":6,"s:52:19:52:Infinity":7,"b:53:6:53:Infinity:undefined:undefined:undefined:undefined":2,"s:53:6:53:Infinity":8,"s:53:17:53:Infinity":9,"s:55:12:55:Infinity":10,"s:56:12:56:Infinity":11,"s:58:77:63:Infinity":12,"s:65:19:65:Infinity":13,"b:65:19:65:47:65:47:65:Infinity":3,"b:67:6:71:Infinity:69:13:71:Infinity":4,"s:67:6:71:Infinity":14,"s:68:8:68:Infinity":15,"s:70:8:70:Infinity":16,"s:76:8:193:Infinity":17,"f:77:4:77:5":2,"s:78:6:78:Infinity":18,"s:79:6:79:Infinity":19,"s:81:18:81:Infinity":20,"f:81:35:81:36":3,"s:81:42:81:53":21,"b:82:6:82:Infinity:undefined:undefined:undefined:undefined":5,"s:82:6:82:Infinity":22,"s:82:16:82:Infinity":23,"s:84:21:84:Infinity":24,"s:85:29:85:Infinity":25,"b:87:6:146:Infinity:undefined:undefined:undefined:undefined":6,"s:87:6:146:Infinity":26,"s:89:23:95:Infinity":27,"b:90:12:90:Infinity:91:12:95:Infinity":7,"b:92:14:92:Infinity:93:14:95:Infinity":8,"b:94:16:94:Infinity:95:16:95:Infinity":9,"s:97:23:97:Infinity":28,"s:98:23:98:Infinity":29,"s:99:25:99:Infinity":30,"s:101:33:130:Infinity":31,"f:101:33:101:34":4,"s:102:16:102:Infinity":32,"s:103:16:103:Infinity":33,"s:105:24:105:Infinity":34,"b:107:12:110:Infinity:111:12:115:Infinity:116:12:120:Infinity:121:12:126:Infinity":10,"s:106:10:127:Infinity":35,"s:108:14:108:Infinity":36,"s:109:14:109:Infinity":37,"s:110:14:110:Infinity":38,"s:112:14:112:Infinity":39,"s:113:14:113:Infinity":40,"s:114:14:114:Infinity":41,"s:115:14:115:Infinity":42,"s:117:14:117:Infinity":43,"s:118:14:118:Infinity":44,"s:119:14:119:Infinity":45,"s:120:14:120:Infinity":46,"s:122:14:122:Infinity":47,"s:123:14:123:Infinity":48,"s:124:14:124:Infinity":49,"s:125:14:125:Infinity":50,"s:126:14:126:Infinity":51,"s:129:10:129:Infinity":52,"s:132:31:141:Infinity":53,"f:132:31:132:37":5,"s:133:10:133:Infinity":54,"s:134:10:134:Infinity":55,"s:136:27:139:Infinity":56,"f:136:27:136:28":6,"s:137:12:137:Infinity":57,"s:138:12:138:Infinity":58,"s:140:10:140:Infinity":59,"s:143:8:143:Infinity":60,"s:144:8:144:Infinity":61,"s:145:8:145:Infinity":62,"s:149:20:149:Infinity":63,"s:151:6:157:Infinity":64,"s:159:25:171:Infinity":65,"f:159:25:159:26":7,"b:160:8:160:Infinity:undefined:undefined:undefined:undefined":11,"s:160:8:160:Infinity":66,"s:160:35:160:Infinity":67,"s:161:14:161:Infinity":68,"s:162:14:162:Infinity":69,"b:163:8:163:Infinity:undefined:undefined:undefined:undefined":12,"s:163:8:163:Infinity":70,"b:163:12:163:32:163:32:163:50":13,"s:163:50:163:Infinity":71,"s:164:8:170:Infinity":72,"s:173:23:187:Infinity":73,"f:173:23:173:29":8,"s:174:8:174:Infinity":74,"s:175:8:175:Infinity":75,"s:176:8:176:Infinity":76,"b:178:8:186:Infinity:undefined:undefined:undefined:undefined":14,"s:178:8:186:Infinity":77,"s:181:27:184:Infinity":78,"f:181:27:181:28":9,"s:182:12:182:Infinity":79,"s:183:12:183:Infinity":80,"s:185:10:185:Infinity":81,"s:189:6:189:Infinity":82,"s:190:6:190:Infinity":83,"s:195:8:202:Infinity":84,"f:196:4:196:5":10,"s:197:6:197:Infinity":85,"s:198:6:198:Infinity":86,"s:199:6:199:Infinity":87,"s:204:8:211:Infinity":88,"f:205:4:205:5":11,"s:206:6:206:Infinity":89,"s:207:6:207:Infinity":90,"s:208:6:208:Infinity":91,"s:213:24:213:Infinity":92,"s:215:2:318:Infinity":93,"b:218:53:218:69:218:69:218:71":15,"f:222:26:222:27":12,"s:223:8:237:Infinity":94,"f:232:19:232:20":13,"s:232:26:232:Infinity":95,"f:233:25:233:26":14,"s:233:32:233:Infinity":96,"f:241:23:241:24":15,"s:242:43:247:Infinity":97,"s:249:27:249:Infinity":98,"b:252:10:262:Infinity:264:10:274:Infinity:276:10:286:Infinity:288:10:312:Infinity:314:10:315:Infinity":16,"s:251:8:316:Infinity":99,"s:253:12:262:Infinity":100,"f:260:29:260:30":16,"s:260:36:260:Infinity":101,"f:261:26:261:27":17,"s:261:39:261:Infinity":102,"s:265:12:274:Infinity":103,"f:272:29:272:30":18,"s:272:36:272:Infinity":104,"f:273:26:273:27":19,"s:273:39:273:Infinity":105,"s:277:12:286:Infinity":106,"f:284:29:284:30":20,"s:284:36:284:Infinity":107,"f:285:26:285:27":21,"s:285:39:285:Infinity":108,"s:289:12:312:Infinity":109,"b:292:59:292:72:292:72:292:74":17,"f:294:29:294:30":22,"s:294:36:294:Infinity":110,"b:296:17:296:Infinity:297:18:302:Infinity":18,"b:304:17:304:Infinity:305:18:310:Infinity":19,"s:315:12:315:Infinity":111}}}
,"/Users/portablesheep/repos/fields/src/components/Annotations/CheckboxAnnotation.tsx": {"path":"/Users/portablesheep/repos/fields/src/components/Annotations/CheckboxAnnotation.tsx","statementMap":{"0":{"start":{"line":13,"column":69},"end":{"line":54,"column":null}},"1":{"start":{"line":21,"column":22},"end":{"line":24,"column":null}},"2":{"start":{"line":22,"column":4},"end":{"line":22,"column":null}},"3":{"start":{"line":23,"column":4},"end":{"line":23,"column":null}},"4":{"start":{"line":26,"column":2},"end":{"line":52,"column":null}}},"fnMap":{"0":{"name":"(anonymous_0)","decl":{"start":{"line":13,"column":69},"end":{"line":13,"column":70}},"loc":{"start":{"line":20,"column":6},"end":{"line":54,"column":null}},"line":20},"1":{"name":"(anonymous_1)","decl":{"start":{"line":21,"column":22},"end":{"line":21,"column":23}},"loc":{"start":{"line":21,"column":47},"end":{"line":24,"column":null}},"line":21}},"branchMap":{"0":{"loc":{"start":{"line":28,"column":36},"end":{"line":28,"column":64}},"type":"cond-expr","locations":[{"start":{"line":28,"column":49},"end":{"line":28,"column":62}},{"start":{"line":28,"column":62},"end":{"line":28,"column":64}}],"line":28},"1":{"loc":{"start":{"line":37,"column":17},"end":{"line":37,"column":null}},"type":"cond-expr","locations":[{"start":{"line":37,"column":38},"end":{"line":37,"column":47}},{"start":{"line":37,"column":47},"end":{"line":37,"column":null}}],"line":37},"2":{"loc":{"start":{"line":38,"column":18},"end":{"line":38,"column":null}},"type":"cond-expr","locations":[{"start":{"line":38,"column":42},"end":{"line":38,"column":72}},{"start":{"line":38,"column":72},"end":{"line":38,"column":null}}],"line":38},"3":{"loc":{"start":{"line":42,"column":9},"end":{"line":42,"column":null}},"type":"cond-expr","locations":[{"start":{"line":42,"column":30},"end":{"line":42,"column":36}},{"start":{"line":42,"column":36},"end":{"line":42,"column":null}}],"line":42},"4":{"loc":{"start":{"line":44,"column":7},"end":{"line":50,"column":null}},"type":"binary-expr","locations":[{"start":{"line":44,"column":7},"end":{"line":44,"column":null}},{"start":{"line":45,"column":8},"end":{"line":50,"column":null}}],"line":44}},"s":{"0":1,"1":7,"2":3,"3":3,"4":7},"f":{"0":7,"1":3},"b":{"0":[0,7],"1":[2,5],"2":[6,1],"3":[2,5],"4":[7,0]},"meta":{"lastBranch":5,"lastFunction":2,"lastStatement":5,"seen":{"s:13:69:54:Infinity":0,"f:13:69:13:70":0,"s:21:22:24:Infinity":1,"f:21:22:21:23":1,"s:22:4:22:Infinity":2,"s:23:4:23:Infinity":3,"s:26:2:52:Infinity":4,"b:28:49:28:62:28:62:28:64":0,"b:37:38:37:47:37:47:37:Infinity":1,"b:38:42:38:72:38:72:38:Infinity":2,"b:42:30:42:36:42:36:42:Infinity":3,"b:44:7:44:Infinity:45:8:50:Infinity":4}}}
,"/Users/portablesheep/repos/fields/src/components/Annotations/SignaturePad.tsx": {"path":"/Users/portablesheep/repos/fields/src/components/Annotations/SignaturePad.tsx","statementMap":{"0":{"start":{"line":13,"column":24},"end":{"line":19,"column":null}},"1":{"start":{"line":21,"column":57},"end":{"line":322,"column":null}},"2":{"start":{"line":27,"column":8},"end":{"line":27,"column":null}},"3":{"start":{"line":28,"column":8},"end":{"line":28,"column":null}},"4":{"start":{"line":29,"column":32},"end":{"line":29,"column":null}},"5":{"start":{"line":30,"column":34},"end":{"line":30,"column":null}},"6":{"start":{"line":31,"column":20},"end":{"line":31,"column":null}},"7":{"start":{"line":32,"column":32},"end":{"line":32,"column":null}},"8":{"start":{"line":33,"column":38},"end":{"line":33,"column":null}},"9":{"start":{"line":36,"column":2},"end":{"line":48,"column":null}},"10":{"start":{"line":37,"column":4},"end":{"line":37,"column":null}},"11":{"start":{"line":37,"column":24},"end":{"line":37,"column":null}},"12":{"start":{"line":38,"column":19},"end":{"line":38,"column":null}},"13":{"start":{"line":39,"column":4},"end":{"line":39,"column":null}},"14":{"start":{"line":39,"column":17},"end":{"line":39,"column":null}},"15":{"start":{"line":40,"column":16},"end":{"line":40,"column":null}},"16":{"start":{"line":41,"column":4},"end":{"line":41,"column":null}},"17":{"start":{"line":41,"column":14},"end":{"line":41,"column":null}},"18":{"start":{"line":42,"column":4},"end":{"line":42,"column":null}},"19":{"start":{"line":43,"column":4},"end":{"line":43,"column":null}},"20":{"start":{"line":44,"column":4},"end":{"line":44,"column":null}},"21":{"start":{"line":45,"column":4},"end":{"line":45,"column":null}},"22":{"start":{"line":46,"column":4},"end":{"line":46,"column":null}},"23":{"start":{"line":47,"column":4},"end":{"line":47,"column":null}},"24":{"start":{"line":51,"column":2},"end":{"line":92,"column":null}},"25":{"start":{"line":52,"column":4},"end":{"line":52,"column":null}},"26":{"start":{"line":52,"column":24},"end":{"line":52,"column":null}},"27":{"start":{"line":53,"column":19},"end":{"line":53,"column":null}},"28":{"start":{"line":54,"column":4},"end":{"line":54,"column":null}},"29":{"start":{"line":54,"column":17},"end":{"line":54,"column":null}},"30":{"start":{"line":55,"column":16},"end":{"line":55,"column":null}},"31":{"start":{"line":56,"column":4},"end":{"line":56,"column":null}},"32":{"start":{"line":56,"column":14},"end":{"line":56,"column":null}},"33":{"start":{"line":58,"column":16},"end":{"line":58,"column":null}},"34":{"start":{"line":59,"column":4},"end":{"line":59,"column":null}},"35":{"start":{"line":60,"column":4},"end":{"line":60,"column":null}},"36":{"start":{"line":61,"column":4},"end":{"line":61,"column":null}},"37":{"start":{"line":62,"column":4},"end":{"line":62,"column":null}},"38":{"start":{"line":63,"column":4},"end":{"line":63,"column":null}},"39":{"start":{"line":65,"column":4},"end":{"line":65,"column":null}},"40":{"start":{"line":66,"column":4},"end":{"line":66,"column":null}},"41":{"start":{"line":68,"column":4},"end":{"line":91,"column":null}},"42":{"start":{"line":70,"column":21},"end":{"line":70,"column":null}},"43":{"start":{"line":71,"column":6},"end":{"line":71,"column":null}},"44":{"start":{"line":72,"column":21},"end":{"line":72,"column":null}},"45":{"start":{"line":73,"column":6},"end":{"line":77,"column":null}},"46":{"start":{"line":74,"column":8},"end":{"line":74,"column":null}},"47":{"start":{"line":75,"column":8},"end":{"line":75,"column":null}},"48":{"start":{"line":76,"column":8},"end":{"line":76,"column":null}},"49":{"start":{"line":79,"column":6},"end":{"line":79,"column":null}},"50":{"start":{"line":80,"column":6},"end":{"line":80,"column":null}},"51":{"start":{"line":81,"column":12},"end":{"line":81,"column":null}},"52":{"start":{"line":82,"column":6},"end":{"line":82,"column":null}},"53":{"start":{"line":85,"column":6},"end":{"line":85,"column":null}},"54":{"start":{"line":86,"column":6},"end":{"line":86,"column":null}},"55":{"start":{"line":87,"column":6},"end":{"line":87,"column":null}},"56":{"start":{"line":88,"column":6},"end":{"line":88,"column":null}},"57":{"start":{"line":89,"column":6},"end":{"line":89,"column":null}},"58":{"start":{"line":90,"column":6},"end":{"line":90,"column":null}},"59":{"start":{"line":94,"column":8},"end":{"line":101,"column":null}},"60":{"start":{"line":95,"column":19},"end":{"line":95,"column":null}},"61":{"start":{"line":96,"column":17},"end":{"line":96,"column":null}},"62":{"start":{"line":97,"column":4},"end":{"line":100,"column":null}},"63":{"start":{"line":103,"column":8},"end":{"line":113,"column":null}},"64":{"start":{"line":105,"column":6},"end":{"line":105,"column":null}},"65":{"start":{"line":106,"column":18},"end":{"line":106,"column":null}},"66":{"start":{"line":107,"column":6},"end":{"line":107,"column":null}},"67":{"start":{"line":107,"column":16},"end":{"line":107,"column":null}},"68":{"start":{"line":108,"column":23},"end":{"line":108,"column":null}},"69":{"start":{"line":109,"column":6},"end":{"line":109,"column":null}},"70":{"start":{"line":110,"column":6},"end":{"line":110,"column":null}},"71":{"start":{"line":115,"column":8},"end":{"line":126,"column":null}},"72":{"start":{"line":117,"column":6},"end":{"line":117,"column":null}},"73":{"start":{"line":117,"column":22},"end":{"line":117,"column":null}},"74":{"start":{"line":118,"column":18},"end":{"line":118,"column":null}},"75":{"start":{"line":119,"column":6},"end":{"line":119,"column":null}},"76":{"start":{"line":119,"column":16},"end":{"line":119,"column":null}},"77":{"start":{"line":120,"column":23},"end":{"line":120,"column":null}},"78":{"start":{"line":121,"column":6},"end":{"line":121,"column":null}},"79":{"start":{"line":122,"column":6},"end":{"line":122,"column":null}},"80":{"start":{"line":123,"column":6},"end":{"line":123,"column":null}},"81":{"start":{"line":128,"column":8},"end":{"line":130,"column":null}},"82":{"start":{"line":129,"column":4},"end":{"line":129,"column":null}},"83":{"start":{"line":132,"column":8},"end":{"line":146,"column":null}},"84":{"start":{"line":133,"column":4},"end":{"line":145,"column":null}},"85":{"start":{"line":134,"column":21},"end":{"line":134,"column":null}},"86":{"start":{"line":135,"column":6},"end":{"line":135,"column":null}},"87":{"start":{"line":135,"column":19},"end":{"line":135,"column":null}},"88":{"start":{"line":136,"column":18},"end":{"line":136,"column":null}},"89":{"start":{"line":137,"column":6},"end":{"line":137,"column":null}},"90":{"start":{"line":137,"column":16},"end":{"line":137,"column":null}},"91":{"start":{"line":138,"column":6},"end":{"line":138,"column":null}},"92":{"start":{"line":139,"column":6},"end":{"line":139,"column":null}},"93":{"start":{"line":140,"column":6},"end":{"line":140,"column":null}},"94":{"start":{"line":141,"column":6},"end":{"line":141,"column":null}},"95":{"start":{"line":142,"column":6},"end":{"line":142,"column":null}},"96":{"start":{"line":144,"column":6},"end":{"line":144,"column":null}},"97":{"start":{"line":148,"column":8},"end":{"line":178,"column":null}},"98":{"start":{"line":149,"column":4},"end":{"line":177,"column":null}},"99":{"start":{"line":150,"column":21},"end":{"line":150,"column":null}},"100":{"start":{"line":151,"column":6},"end":{"line":151,"column":null}},"101":{"start":{"line":151,"column":34},"end":{"line":151,"column":null}},"102":{"start":{"line":152,"column":6},"end":{"line":152,"column":null}},"103":{"start":{"line":154,"column":21},"end":{"line":154,"column":null}},"104":{"start":{"line":155,"column":6},"end":{"line":155,"column":null}},"105":{"start":{"line":155,"column":40},"end":{"line":155,"column":null}},"106":{"start":{"line":157,"column":24},"end":{"line":157,"column":null}},"107":{"start":{"line":158,"column":6},"end":{"line":158,"column":null}},"108":{"start":{"line":159,"column":6},"end":{"line":159,"column":null}},"109":{"start":{"line":160,"column":18},"end":{"line":160,"column":null}},"110":{"start":{"line":161,"column":6},"end":{"line":161,"column":null}},"111":{"start":{"line":162,"column":6},"end":{"line":162,"column":null}},"112":{"start":{"line":164,"column":21},"end":{"line":164,"column":null}},"113":{"start":{"line":165,"column":6},"end":{"line":165,"column":null}},"114":{"start":{"line":166,"column":21},"end":{"line":166,"column":null}},"115":{"start":{"line":167,"column":6},"end":{"line":171,"column":null}},"116":{"start":{"line":168,"column":8},"end":{"line":168,"column":null}},"117":{"start":{"line":169,"column":8},"end":{"line":169,"column":null}},"118":{"start":{"line":170,"column":8},"end":{"line":170,"column":null}},"119":{"start":{"line":172,"column":6},"end":{"line":172,"column":null}},"120":{"start":{"line":173,"column":6},"end":{"line":173,"column":null}},"121":{"start":{"line":174,"column":6},"end":{"line":174,"column":null}},"122":{"start":{"line":176,"column":6},"end":{"line":176,"column":null}},"123":{"start":{"line":180,"column":19},"end":{"line":180,"column":null}},"124":{"start":{"line":182,"column":2},"end":{"line":320,"column":null}},"125":{"start":{"line":186,"column":24},"end":{"line":186,"column":null}},"126":{"start":{"line":194,"column":27},"end":{"line":194,"column":null}},"127":{"start":{"line":200,"column":27},"end":{"line":200,"column":null}},"128":{"start":{"line":224,"column":31},"end":{"line":224,"column":null}},"129":{"start":{"line":229,"column":16},"end":{"line":236,"column":null}},"130":{"start":{"line":232,"column":33},"end":{"line":232,"column":null}},"131":{"start":{"line":270,"column":16},"end":{"line":314,"column":null}},"132":{"start":{"line":280,"column":33},"end":{"line":280,"column":null}},"133":{"start":{"line":291,"column":22},"end":{"line":291,"column":null}},"134":{"start":{"line":292,"column":22},"end":{"line":292,"column":null}}},"fnMap":{"0":{"name":"(anonymous_0)","decl":{"start":{"line":21,"column":57},"end":{"line":21,"column":58}},"loc":{"start":{"line":26,"column":6},"end":{"line":322,"column":null}},"line":26},"1":{"name":"(anonymous_1)","decl":{"start":{"line":36,"column":12},"end":{"line":36,"column":18}},"loc":{"start":{"line":36,"column":18},"end":{"line":48,"column":5}},"line":36},"2":{"name":"(anonymous_2)","decl":{"start":{"line":51,"column":12},"end":{"line":51,"column":18}},"loc":{"start":{"line":51,"column":18},"end":{"line":92,"column":5}},"line":51},"3":{"name":"(anonymous_3)","decl":{"start":{"line":94,"column":29},"end":{"line":94,"column":30}},"loc":{"start":{"line":94,"column":73},"end":{"line":101,"column":5}},"line":94},"4":{"name":"(anonymous_4)","decl":{"start":{"line":104,"column":4},"end":{"line":104,"column":5}},"loc":{"start":{"line":104,"column":48},"end":{"line":111,"column":null}},"line":104},"5":{"name":"(anonymous_5)","decl":{"start":{"line":116,"column":4},"end":{"line":116,"column":5}},"loc":{"start":{"line":116,"column":48},"end":{"line":124,"column":null}},"line":116},"6":{"name":"(anonymous_6)","decl":{"start":{"line":128,"column":36},"end":{"line":128,"column":42}},"loc":{"start":{"line":128,"column":42},"end":{"line":130,"column":5}},"line":128},"7":{"name":"(anonymous_7)","decl":{"start":{"line":132,"column":34},"end":{"line":132,"column":40}},"loc":{"start":{"line":132,"column":40},"end":{"line":146,"column":5}},"line":132},"8":{"name":"(anonymous_8)","decl":{"start":{"line":148,"column":33},"end":{"line":148,"column":39}},"loc":{"start":{"line":148,"column":39},"end":{"line":178,"column":5}},"line":148},"9":{"name":"(anonymous_9)","decl":{"start":{"line":186,"column":17},"end":{"line":186,"column":18}},"loc":{"start":{"line":186,"column":24},"end":{"line":186,"column":null}},"line":186},"10":{"name":"(anonymous_10)","decl":{"start":{"line":194,"column":21},"end":{"line":194,"column":27}},"loc":{"start":{"line":194,"column":27},"end":{"line":194,"column":null}},"line":194},"11":{"name":"(anonymous_11)","decl":{"start":{"line":200,"column":21},"end":{"line":200,"column":27}},"loc":{"start":{"line":200,"column":27},"end":{"line":200,"column":null}},"line":200},"12":{"name":"(anonymous_12)","decl":{"start":{"line":224,"column":24},"end":{"line":224,"column":25}},"loc":{"start":{"line":224,"column":31},"end":{"line":224,"column":null}},"line":224},"13":{"name":"(anonymous_13)","decl":{"start":{"line":228,"column":35},"end":{"line":228,"column":36}},"loc":{"start":{"line":229,"column":16},"end":{"line":236,"column":null}},"line":229},"14":{"name":"(anonymous_14)","decl":{"start":{"line":232,"column":27},"end":{"line":232,"column":33}},"loc":{"start":{"line":232,"column":33},"end":{"line":232,"column":null}},"line":232},"15":{"name":"(anonymous_15)","decl":{"start":{"line":269,"column":35},"end":{"line":269,"column":36}},"loc":{"start":{"line":270,"column":16},"end":{"line":314,"column":null}},"line":270},"16":{"name":"(anonymous_16)","decl":{"start":{"line":280,"column":27},"end":{"line":280,"column":33}},"loc":{"start":{"line":280,"column":33},"end":{"line":280,"column":null}},"line":280},"17":{"name":"(anonymous_17)","decl":{"start":{"line":290,"column":29},"end":{"line":290,"column":30}},"loc":{"start":{"line":290,"column":36},"end":{"line":293,"column":null}},"line":290}},"branchMap":{"0":{"loc":{"start":{"line":37,"column":4},"end":{"line":37,"column":null}},"type":"if","locations":[{"start":{"line":37,"column":4},"end":{"line":37,"column":null}},{"start":{},"end":{}}],"line":37},"1":{"loc":{"start":{"line":39,"column":4},"end":{"line":39,"column":null}},"type":"if","locations":[{"start":{"line":39,"column":4},"end":{"line":39,"column":null}},{"start":{},"end":{}}],"line":39},"2":{"loc":{"start":{"line":41,"column":4},"end":{"line":41,"column":null}},"type":"if","locations":[{"start":{"line":41,"column":4},"end":{"line":41,"column":null}},{"start":{},"end":{}}],"line":41},"3":{"loc":{"start":{"line":52,"column":4},"end":{"line":52,"column":null}},"type":"if","locations":[{"start":{"line":52,"column":4},"end":{"line":52,"column":null}},{"start":{},"end":{}}],"line":52},"4":{"loc":{"start":{"line":54,"column":4},"end":{"line":54,"column":null}},"type":"if","locations":[{"start":{"line":54,"column":4},"end":{"line":54,"column":null}},{"start":{},"end":{}}],"line":54},"5":{"loc":{"start":{"line":56,"column":4},"end":{"line":56,"column":null}},"type":"if","locations":[{"start":{"line":56,"column":4},"end":{"line":56,"column":null}},{"start":{},"end":{}}],"line":56},"6":{"loc":{"start":{"line":58,"column":16},"end":{"line":58,"column":null}},"type":"binary-expr","locations":[{"start":{"line":58,"column":16},"end":{"line":58,"column":43}},{"start":{"line":58,"column":43},"end":{"line":58,"column":null}}],"line":58},"7":{"loc":{"start":{"line":68,"column":4},"end":{"line":91,"column":null}},"type":"if","locations":[{"start":{"line":68,"column":4},"end":{"line":91,"column":null}},{"start":{},"end":{}}],"line":68},"8":{"loc":{"start":{"line":73,"column":13},"end":{"line":73,"column":52}},"type":"binary-expr","locations":[{"start":{"line":73,"column":13},"end":{"line":73,"column":37}},{"start":{"line":73,"column":37},"end":{"line":73,"column":52}}],"line":73},"9":{"loc":{"start":{"line":107,"column":6},"end":{"line":107,"column":null}},"type":"if","locations":[{"start":{"line":107,"column":6},"end":{"line":107,"column":null}},{"start":{},"end":{}}],"line":107},"10":{"loc":{"start":{"line":117,"column":6},"end":{"line":117,"column":null}},"type":"if","locations":[{"start":{"line":117,"column":6},"end":{"line":117,"column":null}},{"start":{},"end":{}}],"line":117},"11":{"loc":{"start":{"line":119,"column":6},"end":{"line":119,"column":null}},"type":"if","locations":[{"start":{"line":119,"column":6},"end":{"line":119,"column":null}},{"start":{},"end":{}}],"line":119},"12":{"loc":{"start":{"line":133,"column":4},"end":{"line":145,"column":null}},"type":"if","locations":[{"start":{"line":133,"column":4},"end":{"line":145,"column":null}},{"start":{"line":143,"column":11},"end":{"line":145,"column":null}}],"line":133},"13":{"loc":{"start":{"line":135,"column":6},"end":{"line":135,"column":null}},"type":"if","locations":[{"start":{"line":135,"column":6},"end":{"line":135,"column":null}},{"start":{},"end":{}}],"line":135},"14":{"loc":{"start":{"line":137,"column":6},"end":{"line":137,"column":null}},"type":"if","locations":[{"start":{"line":137,"column":6},"end":{"line":137,"column":null}},{"start":{},"end":{}}],"line":137},"15":{"loc":{"start":{"line":149,"column":4},"end":{"line":177,"column":null}},"type":"if","locations":[{"start":{"line":149,"column":4},"end":{"line":177,"column":null}},{"start":{"line":153,"column":11},"end":{"line":177,"column":null}}],"line":149},"16":{"loc":{"start":{"line":151,"column":6},"end":{"line":151,"column":null}},"type":"if","locations":[{"start":{"line":151,"column":6},"end":{"line":151,"column":null}},{"start":{},"end":{}}],"line":151},"17":{"loc":{"start":{"line":151,"column":10},"end":{"line":151,"column":34}},"type":"binary-expr","locations":[{"start":{"line":151,"column":10},"end":{"line":151,"column":21}},{"start":{"line":151,"column":21},"end":{"line":151,"column":34}}],"line":151},"18":{"loc":{"start":{"line":155,"column":6},"end":{"line":155,"column":null}},"type":"if","locations":[{"start":{"line":155,"column":6},"end":{"line":155,"column":null}},{"start":{},"end":{}}],"line":155},"19":{"loc":{"start":{"line":155,"column":10},"end":{"line":155,"column":40}},"type":"binary-expr","locations":[{"start":{"line":155,"column":10},"end":{"line":155,"column":21}},{"start":{"line":155,"column":21},"end":{"line":155,"column":40}}],"line":155},"20":{"loc":{"start":{"line":167,"column":13},"end":{"line":167,"column":52}},"type":"binary-expr","locations":[{"start":{"line":167,"column":13},"end":{"line":167,"column":37}},{"start":{"line":167,"column":37},"end":{"line":167,"column":52}}],"line":167},"21":{"loc":{"start":{"line":180,"column":19},"end":{"line":180,"column":null}},"type":"cond-expr","locations":[{"start":{"line":180,"column":36},"end":{"line":180,"column":49}},{"start":{"line":180,"column":49},"end":{"line":180,"column":null}}],"line":180},"22":{"loc":{"start":{"line":193,"column":40},"end":{"line":193,"column":70}},"type":"cond-expr","locations":[{"start":{"line":193,"column":57},"end":{"line":193,"column":68}},{"start":{"line":193,"column":68},"end":{"line":193,"column":70}}],"line":193},"23":{"loc":{"start":{"line":199,"column":40},"end":{"line":199,"column":70}},"type":"cond-expr","locations":[{"start":{"line":199,"column":57},"end":{"line":199,"column":68}},{"start":{"line":199,"column":68},"end":{"line":199,"column":70}}],"line":199},"24":{"loc":{"start":{"line":206,"column":9},"end":{"line":244,"column":null}},"type":"cond-expr","locations":[{"start":{"line":207,"column":10},"end":{"line":216,"column":null}},{"start":{"line":218,"column":10},"end":{"line":244,"column":null}}],"line":206},"25":{"loc":{"start":{"line":231,"column":51},"end":{"line":231,"column":94}},"type":"cond-expr","locations":[{"start":{"line":231,"column":81},"end":{"line":231,"column":92}},{"start":{"line":231,"column":92},"end":{"line":231,"column":94}}],"line":231},"26":{"loc":{"start":{"line":263,"column":9},"end":{"line":317,"column":null}},"type":"binary-expr","locations":[{"start":{"line":263,"column":9},"end":{"line":263,"column":null}},{"start":{"line":264,"column":10},"end":{"line":317,"column":null}}],"line":263}},"s":{"0":1,"1":1,"2":10,"3":10,"4":10,"5":10,"6":10,"7":10,"8":10,"9":10,"10":10,"11":1,"12":9,"13":9,"14":0,"15":9,"16":9,"17":9,"18":0,"19":0,"20":0,"21":0,"22":0,"23":0,"24":10,"25":10,"26":9,"27":1,"28":1,"29":0,"30":1,"31":1,"32":1,"33":0,"34":10,"35":10,"36":10,"37":10,"38":10,"39":10,"40":10,"41":10,"42":0,"43":0,"44":0,"45":0,"46":0,"47":0,"48":0,"49":0,"50":0,"51":0,"52":0,"53":0,"54":0,"55":0,"56":0,"57":0,"58":0,"59":10,"60":0,"61":0,"62":0,"63":10,"64":0,"65":0,"66":0,"67":0,"68":0,"69":0,"70":0,"71":10,"72":0,"73":0,"74":0,"75":0,"76":0,"77":0,"78":0,"79":0,"80":0,"81":10,"82":0,"83":10,"84":0,"85":0,"86":0,"87":0,"88":0,"89":0,"90":0,"91":0,"92":0,"93":0,"94":0,"95":0,"96":0,"97":10,"98":0,"99":0,"100":0,"101":0,"102":0,"103":0,"104":0,"105":0,"106":0,"107":0,"108":0,"109":0,"110":0,"111":0,"112":0,"113":0,"114":0,"115":0,"116":0,"117":0,"118":0,"119":0,"120":0,"121":0,"122":0,"123":10,"124":10,"125":3,"126":0,"127":1,"128":0,"129":5,"130":0,"131":2,"132":1,"133":0,"134":0},"f":{"0":10,"1":10,"2":10,"3":0,"4":0,"5":0,"6":0,"7":0,"8":0,"9":3,"10":0,"11":1,"12":0,"13":5,"14":0,"15":2,"16":1,"17":0},"b":{"0":[1,9],"1":[0,9],"2":[9,0],"3":[9,1],"4":[0,1],"5":[1,0],"6":[0,0],"7":[0,10],"8":[0,0],"9":[0,0],"10":[0,0],"11":[0,0],"12":[0,0],"13":[0,0],"14":[0,0],"15":[0,0],"16":[0,0],"17":[0,0],"18":[0,0],"19":[0,0],"20":[0,0],"21":[9,1],"22":[9,1],"23":[1,9],"24":[9,1],"25":[1,4],"26":[10,2]},"meta":{"lastBranch":27,"lastFunction":18,"lastStatement":135,"seen":{"s:13:24:19:Infinity":0,"s:21:57:322:Infinity":1,"f:21:57:21:58":0,"s:27:8:27:Infinity":2,"s:28:8:28:Infinity":3,"s:29:32:29:Infinity":4,"s:30:34:30:Infinity":5,"s:31:20:31:Infinity":6,"s:32:32:32:Infinity":7,"s:33:38:33:Infinity":8,"s:36:2:48:Infinity":9,"f:36:12:36:18":1,"b:37:4:37:Infinity:undefined:undefined:undefined:undefined":0,"s:37:4:37:Infinity":10,"s:37:24:37:Infinity":11,"s:38:19:38:Infinity":12,"b:39:4:39:Infinity:undefined:undefined:undefined:undefined":1,"s:39:4:39:Infinity":13,"s:39:17:39:Infinity":14,"s:40:16:40:Infinity":15,"b:41:4:41:Infinity:undefined:undefined:undefined:undefined":2,"s:41:4:41:Infinity":16,"s:41:14:41:Infinity":17,"s:42:4:42:Infinity":18,"s:43:4:43:Infinity":19,"s:44:4:44:Infinity":20,"s:45:4:45:Infinity":21,"s:46:4:46:Infinity":22,"s:47:4:47:Infinity":23,"s:51:2:92:Infinity":24,"f:51:12:51:18":2,"b:52:4:52:Infinity:undefined:undefined:undefined:undefined":3,"s:52:4:52:Infinity":25,"s:52:24:52:Infinity":26,"s:53:19:53:Infinity":27,"b:54:4:54:Infinity:undefined:undefined:undefined:undefined":4,"s:54:4:54:Infinity":28,"s:54:17:54:Infinity":29,"s:55:16:55:Infinity":30,"b:56:4:56:Infinity:undefined:undefined:undefined:undefined":5,"s:56:4:56:Infinity":31,"s:56:14:56:Infinity":32,"s:58:16:58:Infinity":33,"b:58:16:58:43:58:43:58:Infinity":6,"s:59:4:59:Infinity":34,"s:60:4:60:Infinity":35,"s:61:4:61:Infinity":36,"s:62:4:62:Infinity":37,"s:63:4:63:Infinity":38,"s:65:4:65:Infinity":39,"s:66:4:66:Infinity":40,"b:68:4:91:Infinity:undefined:undefined:undefined:undefined":7,"s:68:4:91:Infinity":41,"s:70:21:70:Infinity":42,"s:71:6:71:Infinity":43,"s:72:21:72:Infinity":44,"s:73:6:77:Infinity":45,"b:73:13:73:37:73:37:73:52":8,"s:74:8:74:Infinity":46,"s:75:8:75:Infinity":47,"s:76:8:76:Infinity":48,"s:79:6:79:Infinity":49,"s:80:6:80:Infinity":50,"s:81:12:81:Infinity":51,"s:82:6:82:Infinity":52,"s:85:6:85:Infinity":53,"s:86:6:86:Infinity":54,"s:87:6:87:Infinity":55,"s:88:6:88:Infinity":56,"s:89:6:89:Infinity":57,"s:90:6:90:Infinity":58,"s:94:8:101:Infinity":59,"f:94:29:94:30":3,"s:95:19:95:Infinity":60,"s:96:17:96:Infinity":61,"s:97:4:100:Infinity":62,"s:103:8:113:Infinity":63,"f:104:4:104:5":4,"s:105:6:105:Infinity":64,"s:106:18:106:Infinity":65,"b:107:6:107:Infinity:undefined:undefined:undefined:undefined":9,"s:107:6:107:Infinity":66,"s:107:16:107:Infinity":67,"s:108:23:108:Infinity":68,"s:109:6:109:Infinity":69,"s:110:6:110:Infinity":70,"s:115:8:126:Infinity":71,"f:116:4:116:5":5,"b:117:6:117:Infinity:undefined:undefined:undefined:undefined":10,"s:117:6:117:Infinity":72,"s:117:22:117:Infinity":73,"s:118:18:118:Infinity":74,"b:119:6:119:Infinity:undefined:undefined:undefined:undefined":11,"s:119:6:119:Infinity":75,"s:119:16:119:Infinity":76,"s:120:23:120:Infinity":77,"s:121:6:121:Infinity":78,"s:122:6:122:Infinity":79,"s:123:6:123:Infinity":80,"s:128:8:130:Infinity":81,"f:128:36:128:42":6,"s:129:4:129:Infinity":82,"s:132:8:146:Infinity":83,"f:132:34:132:40":7,"b:133:4:145:Infinity:143:11:145:Infinity":12,"s:133:4:145:Infinity":84,"s:134:21:134:Infinity":85,"b:135:6:135:Infinity:undefined:undefined:undefined:undefined":13,"s:135:6:135:Infinity":86,"s:135:19:135:Infinity":87,"s:136:18:136:Infinity":88,"b:137:6:137:Infinity:undefined:undefined:undefined:undefined":14,"s:137:6:137:Infinity":89,"s:137:16:137:Infinity":90,"s:138:6:138:Infinity":91,"s:139:6:139:Infinity":92,"s:140:6:140:Infinity":93,"s:141:6:141:Infinity":94,"s:142:6:142:Infinity":95,"s:144:6:144:Infinity":96,"s:148:8:178:Infinity":97,"f:148:33:148:39":8,"b:149:4:177:Infinity:153:11:177:Infinity":15,"s:149:4:177:Infinity":98,"s:150:21:150:Infinity":99,"b:151:6:151:Infinity:undefined:undefined:undefined:undefined":16,"s:151:6:151:Infinity":100,"b:151:10:151:21:151:21:151:34":17,"s:151:34:151:Infinity":101,"s:152:6:152:Infinity":102,"s:154:21:154:Infinity":103,"b:155:6:155:Infinity:undefined:undefined:undefined:undefined":18,"s:155:6:155:Infinity":104,"b:155:10:155:21:155:21:155:40":19,"s:155:40:155:Infinity":105,"s:157:24:157:Infinity":106,"s:158:6:158:Infinity":107,"s:159:6:159:Infinity":108,"s:160:18:160:Infinity":109,"s:161:6:161:Infinity":110,"s:162:6:162:Infinity":111,"s:164:21:164:Infinity":112,"s:165:6:165:Infinity":113,"s:166:21:166:Infinity":114,"s:167:6:171:Infinity":115,"b:167:13:167:37:167:37:167:52":20,"s:168:8:168:Infinity":116,"s:169:8:169:Infinity":117,"s:170:8:170:Infinity":118,"s:172:6:172:Infinity":119,"s:173:6:173:Infinity":120,"s:174:6:174:Infinity":121,"s:176:6:176:Infinity":122,"s:180:19:180:Infinity":123,"b:180:36:180:49:180:49:180:Infinity":21,"s:182:2:320:Infinity":124,"f:186:17:186:18":9,"s:186:24:186:Infinity":125,"b:193:57:193:68:193:68:193:70":22,"f:194:21:194:27":10,"s:194:27:194:Infinity":126,"b:199:57:199:68:199:68:199:70":23,"f:200:21:200:27":11,"s:200:27:200:Infinity":127,"b:207:10:216:Infinity:218:10:244:Infinity":24,"f:224:24:224:25":12,"s:224:31:224:Infinity":128,"f:228:35:228:36":13,"s:229:16:236:Infinity":129,"b:231:81:231:92:231:92:231:94":25,"f:232:27:232:33":14,"s:232:33:232:Infinity":130,"b:263:9:263:Infinity:264:10:317:Infinity":26,"f:269:35:269:36":15,"s:270:16:314:Infinity":131,"f:280:27:280:33":16,"s:280:33:280:Infinity":132,"f:290:29:290:30":17,"s:291:22:291:Infinity":133,"s:292:22:292:Infinity":134}}}
,"/Users/portablesheep/repos/fields/src/components/Annotations/TextAnnotation.tsx": {"path":"/Users/portablesheep/repos/fields/src/components/Annotations/TextAnnotation.tsx","statementMap":{"0":{"start":{"line":13,"column":61},"end":{"line":60,"column":null}},"1":{"start":{"line":21,"column":8},"end":{"line":21,"column":null}},"2":{"start":{"line":23,"column":2},"end":{"line":27,"column":null}},"3":{"start":{"line":24,"column":4},"end":{"line":26,"column":null}},"4":{"start":{"line":25,"column":6},"end":{"line":25,"column":null}},"5":{"start":{"line":29,"column":2},"end":{"line":58,"column":null}},"6":{"start":{"line":39,"column":25},"end":{"line":39,"column":null}},"7":{"start":{"line":40,"column":24},"end":{"line":40,"column":null}}},"fnMap":{"0":{"name":"(anonymous_0)","decl":{"start":{"line":13,"column":61},"end":{"line":13,"column":62}},"loc":{"start":{"line":20,"column":6},"end":{"line":60,"column":null}},"line":20},"1":{"name":"(anonymous_1)","decl":{"start":{"line":23,"column":12},"end":{"line":23,"column":18}},"loc":{"start":{"line":23,"column":18},"end":{"line":27,"column":5}},"line":23},"2":{"name":"(anonymous_2)","decl":{"start":{"line":39,"column":18},"end":{"line":39,"column":19}},"loc":{"start":{"line":39,"column":25},"end":{"line":39,"column":null}},"line":39},"3":{"name":"(anonymous_3)","decl":{"start":{"line":40,"column":17},"end":{"line":40,"column":18}},"loc":{"start":{"line":40,"column":24},"end":{"line":40,"column":null}},"line":40}},"branchMap":{"0":{"loc":{"start":{"line":24,"column":4},"end":{"line":26,"column":null}},"type":"if","locations":[{"start":{"line":24,"column":4},"end":{"line":26,"column":null}},{"start":{},"end":{}}],"line":24},"1":{"loc":{"start":{"line":24,"column":8},"end":{"line":24,"column":40}},"type":"binary-expr","locations":[{"start":{"line":24,"column":8},"end":{"line":24,"column":22}},{"start":{"line":24,"column":22},"end":{"line":24,"column":40}}],"line":24},"2":{"loc":{"start":{"line":31,"column":36},"end":{"line":31,"column":64}},"type":"cond-expr","locations":[{"start":{"line":31,"column":49},"end":{"line":31,"column":62}},{"start":{"line":31,"column":62},"end":{"line":31,"column":64}}],"line":31},"3":{"loc":{"start":{"line":43,"column":22},"end":{"line":45,"column":null}},"type":"cond-expr","locations":[{"start":{"line":44,"column":14},"end":{"line":44,"column":null}},{"start":{"line":45,"column":14},"end":{"line":45,"column":null}}],"line":43},"4":{"loc":{"start":{"line":50,"column":7},"end":{"line":56,"column":null}},"type":"binary-expr","locations":[{"start":{"line":50,"column":7},"end":{"line":50,"column":null}},{"start":{"line":51,"column":8},"end":{"line":56,"column":null}}],"line":50}},"s":{"0":1,"1":7,"2":7,"3":7,"4":2,"5":7,"6":6,"7":2},"f":{"0":7,"1":7,"2":6,"3":2},"b":{"0":[2,5],"1":[7,2],"2":[2,5],"3":[1,6],"4":[7,2]},"meta":{"lastBranch":5,"lastFunction":4,"lastStatement":8,"seen":{"s:13:61:60:Infinity":0,"f:13:61:13:62":0,"s:21:8:21:Infinity":1,"s:23:2:27:Infinity":2,"f:23:12:23:18":1,"b:24:4:26:Infinity:undefined:undefined:undefined:undefined":0,"s:24:4:26:Infinity":3,"b:24:8:24:22:24:22:24:40":1,"s:25:6:25:Infinity":4,"s:29:2:58:Infinity":5,"b:31:49:31:62:31:62:31:64":2,"f:39:18:39:19":2,"s:39:25:39:Infinity":6,"f:40:17:40:18":3,"s:40:24:40:Infinity":7,"b:44:14:44:Infinity:45:14:45:Infinity":3,"b:50:7:50:Infinity:51:8:56:Infinity":4}}}
,"/Users/portablesheep/repos/fields/src/components/Toolbar/MainToolbar.tsx": {"path":"/Users/portablesheep/repos/fields/src/components/Toolbar/MainToolbar.tsx","statementMap":{"0":{"start":{"line":43,"column":55},"end":{"line":259,"column":null}},"1":{"start":{"line":64,"column":2},"end":{"line":257,"column":null}},"2":{"start":{"line":73,"column":25},"end":{"line":73,"column":null}},"3":{"start":{"line":81,"column":25},"end":{"line":81,"column":null}},"4":{"start":{"line":110,"column":25},"end":{"line":110,"column":null}},"5":{"start":{"line":118,"column":25},"end":{"line":118,"column":null}},"6":{"start":{"line":126,"column":25},"end":{"line":126,"column":null}},"7":{"start":{"line":134,"column":25},"end":{"line":134,"column":null}},"8":{"start":{"line":142,"column":25},"end":{"line":142,"column":null}},"9":{"start":{"line":201,"column":31},"end":{"line":201,"column":null}},"10":{"start":{"line":213,"column":31},"end":{"line":213,"column":null}},"11":{"start":{"line":220,"column":31},"end":{"line":220,"column":null}},"12":{"start":{"line":232,"column":29},"end":{"line":232,"column":null}},"13":{"start":{"line":250,"column":33},"end":{"line":250,"column":null}}},"fnMap":{"0":{"name":"(anonymous_0)","decl":{"start":{"line":43,"column":55},"end":{"line":43,"column":56}},"loc":{"start":{"line":63,"column":6},"end":{"line":259,"column":null}},"line":63},"1":{"name":"(anonymous_1)","decl":{"start":{"line":73,"column":19},"end":{"line":73,"column":25}},"loc":{"start":{"line":73,"column":25},"end":{"line":73,"column":null}},"line":73},"2":{"name":"(anonymous_2)","decl":{"start":{"line":81,"column":19},"end":{"line":81,"column":25}},"loc":{"start":{"line":81,"column":25},"end":{"line":81,"column":null}},"line":81},"3":{"name":"(anonymous_3)","decl":{"start":{"line":110,"column":19},"end":{"line":110,"column":25}},"loc":{"start":{"line":110,"column":25},"end":{"line":110,"column":null}},"line":110},"4":{"name":"(anonymous_4)","decl":{"start":{"line":118,"column":19},"end":{"line":118,"column":25}},"loc":{"start":{"line":118,"column":25},"end":{"line":118,"column":null}},"line":118},"5":{"name":"(anonymous_5)","decl":{"start":{"line":126,"column":19},"end":{"line":126,"column":25}},"loc":{"start":{"line":126,"column":25},"end":{"line":126,"column":null}},"line":126},"6":{"name":"(anonymous_6)","decl":{"start":{"line":134,"column":19},"end":{"line":134,"column":25}},"loc":{"start":{"line":134,"column":25},"end":{"line":134,"column":null}},"line":134},"7":{"name":"(anonymous_7)","decl":{"start":{"line":142,"column":19},"end":{"line":142,"column":25}},"loc":{"start":{"line":142,"column":25},"end":{"line":142,"column":null}},"line":142},"8":{"name":"(anonymous_8)","decl":{"start":{"line":201,"column":24},"end":{"line":201,"column":25}},"loc":{"start":{"line":201,"column":31},"end":{"line":201,"column":null}},"line":201},"9":{"name":"(anonymous_9)","decl":{"start":{"line":213,"column":24},"end":{"line":213,"column":25}},"loc":{"start":{"line":213,"column":31},"end":{"line":213,"column":null}},"line":213},"10":{"name":"(anonymous_10)","decl":{"start":{"line":220,"column":24},"end":{"line":220,"column":25}},"loc":{"start":{"line":220,"column":31},"end":{"line":220,"column":null}},"line":220},"11":{"name":"(anonymous_11)","decl":{"start":{"line":232,"column":22},"end":{"line":232,"column":23}},"loc":{"start":{"line":232,"column":29},"end":{"line":232,"column":null}},"line":232},"12":{"name":"(anonymous_12)","decl":{"start":{"line":250,"column":26},"end":{"line":250,"column":27}},"loc":{"start":{"line":250,"column":33},"end":{"line":250,"column":null}},"line":250}},"branchMap":{"0":{"loc":{"start":{"line":109,"column":36},"end":{"line":109,"column":90}},"type":"cond-expr","locations":[{"start":{"line":109,"column":77},"end":{"line":109,"column":88}},{"start":{"line":109,"column":88},"end":{"line":109,"column":90}}],"line":109},"1":{"loc":{"start":{"line":109,"column":36},"end":{"line":109,"column":77}},"type":"binary-expr","locations":[{"start":{"line":109,"column":36},"end":{"line":109,"column":63}},{"start":{"line":109,"column":63},"end":{"line":109,"column":77}}],"line":109},"2":{"loc":{"start":{"line":110,"column":38},"end":{"line":110,"column":79}},"type":"cond-expr","locations":[{"start":{"line":110,"column":64},"end":{"line":110,"column":71}},{"start":{"line":110,"column":71},"end":{"line":110,"column":79}}],"line":110},"3":{"loc":{"start":{"line":117,"column":36},"end":{"line":117,"column":73}},"type":"cond-expr","locations":[{"start":{"line":117,"column":60},"end":{"line":117,"column":71}},{"start":{"line":117,"column":71},"end":{"line":117,"column":73}}],"line":117},"4":{"loc":{"start":{"line":118,"column":38},"end":{"line":118,"column":75}},"type":"cond-expr","locations":[{"start":{"line":118,"column":62},"end":{"line":118,"column":69}},{"start":{"line":118,"column":69},"end":{"line":118,"column":75}}],"line":118},"5":{"loc":{"start":{"line":125,"column":36},"end":{"line":125,"column":77}},"type":"cond-expr","locations":[{"start":{"line":125,"column":64},"end":{"line":125,"column":75}},{"start":{"line":125,"column":75},"end":{"line":125,"column":77}}],"line":125},"6":{"loc":{"start":{"line":126,"column":38},"end":{"line":126,"column":83}},"type":"cond-expr","locations":[{"start":{"line":126,"column":66},"end":{"line":126,"column":73}},{"start":{"line":126,"column":73},"end":{"line":126,"column":83}}],"line":126},"7":{"loc":{"start":{"line":133,"column":36},"end":{"line":133,"column":73}},"type":"cond-expr","locations":[{"start":{"line":133,"column":60},"end":{"line":133,"column":71}},{"start":{"line":133,"column":71},"end":{"line":133,"column":73}}],"line":133},"8":{"loc":{"start":{"line":134,"column":38},"end":{"line":134,"column":75}},"type":"cond-expr","locations":[{"start":{"line":134,"column":62},"end":{"line":134,"column":69}},{"start":{"line":134,"column":69},"end":{"line":134,"column":75}}],"line":134},"9":{"loc":{"start":{"line":141,"column":36},"end":{"line":141,"column":78}},"type":"cond-expr","locations":[{"start":{"line":141,"column":65},"end":{"line":141,"column":76}},{"start":{"line":141,"column":76},"end":{"line":141,"column":78}}],"line":141},"10":{"loc":{"start":{"line":142,"column":38},"end":{"line":142,"column":85}},"type":"cond-expr","locations":[{"start":{"line":142,"column":67},"end":{"line":142,"column":74}},{"start":{"line":142,"column":74},"end":{"line":142,"column":85}}],"line":142},"11":{"loc":{"start":{"line":157,"column":20},"end":{"line":157,"column":null}},"type":"binary-expr","locations":[{"start":{"line":157,"column":20},"end":{"line":157,"column":31}},{"start":{"line":157,"column":31},"end":{"line":157,"column":null}}],"line":157},"12":{"loc":{"start":{"line":164,"column":36},"end":{"line":164,"column":63}},"type":"cond-expr","locations":[{"start":{"line":164,"column":50},"end":{"line":164,"column":61}},{"start":{"line":164,"column":61},"end":{"line":164,"column":63}}],"line":164},"13":{"loc":{"start":{"line":195,"column":7},"end":{"line":224,"column":null}},"type":"binary-expr","locations":[{"start":{"line":195,"column":7},"end":{"line":195,"column":20}},{"start":{"line":195,"column":20},"end":{"line":195,"column":48}},{"start":{"line":195,"column":48},"end":{"line":195,"column":null}},{"start":{"line":196,"column":8},"end":{"line":224,"column":null}}],"line":195},"14":{"loc":{"start":{"line":200,"column":22},"end":{"line":200,"column":null}},"type":"binary-expr","locations":[{"start":{"line":200,"column":22},"end":{"line":200,"column":53}},{"start":{"line":200,"column":53},"end":{"line":200,"column":null}}],"line":200},"15":{"loc":{"start":{"line":212,"column":22},"end":{"line":212,"column":null}},"type":"binary-expr","locations":[{"start":{"line":212,"column":22},"end":{"line":212,"column":51}},{"start":{"line":212,"column":51},"end":{"line":212,"column":null}}],"line":212},"16":{"loc":{"start":{"line":213,"column":60},"end":{"line":213,"column":91}},"type":"binary-expr","locations":[{"start":{"line":213,"column":60},"end":{"line":213,"column":88}},{"start":{"line":213,"column":88},"end":{"line":213,"column":91}}],"line":213},"17":{"loc":{"start":{"line":219,"column":22},"end":{"line":219,"column":null}},"type":"binary-expr","locations":[{"start":{"line":219,"column":22},"end":{"line":219,"column":48}},{"start":{"line":219,"column":48},"end":{"line":219,"column":null}}],"line":219},"18":{"loc":{"start":{"line":228,"column":7},"end":{"line":238,"column":null}},"type":"binary-expr","locations":[{"start":{"line":228,"column":7},"end":{"line":228,"column":19}},{"start":{"line":228,"column":19},"end":{"line":228,"column":null}},{"start":{"line":229,"column":8},"end":{"line":238,"column":null}}],"line":228},"19":{"loc":{"start":{"line":231,"column":20},"end":{"line":231,"column":null}},"type":"binary-expr","locations":[{"start":{"line":231,"column":20},"end":{"line":231,"column":47}},{"start":{"line":231,"column":47},"end":{"line":231,"column":null}}],"line":231},"20":{"loc":{"start":{"line":242,"column":7},"end":{"line":255,"column":null}},"type":"binary-expr","locations":[{"start":{"line":242,"column":7},"end":{"line":242,"column":19}},{"start":{"line":242,"column":19},"end":{"line":242,"column":null}},{"start":{"line":243,"column":8},"end":{"line":255,"column":null}}],"line":242},"21":{"loc":{"start":{"line":249,"column":26},"end":{"line":249,"column":null}},"type":"binary-expr","locations":[{"start":{"line":249,"column":26},"end":{"line":249,"column":57}},{"start":{"line":249,"column":57},"end":{"line":249,"column":null}}],"line":249}},"s":{"0":1,"1":12,"2":0,"3":0,"4":0,"5":2,"6":0,"7":0,"8":0,"9":0,"10":0,"11":0,"12":0,"13":0},"f":{"0":12,"1":0,"2":0,"3":0,"4":2,"5":0,"6":0,"7":0,"8":0,"9":0,"10":0,"11":0,"12":0},"b":{"0":[10,2],"1":[12,12],"2":[0,0],"3":[2,10],"4":[1,1],"5":[0,12],"6":[0,0],"7":[0,12],"8":[0,0],"9":[0,12],"10":[0,0],"11":[12,11],"12":[0,12],"13":[12,2,1,1],"14":[1,0],"15":[1,0],"16":[0,0],"17":[1,0],"18":[12,2,0],"19":[0,0],"20":[12,2,1],"21":[1,0]},"meta":{"lastBranch":22,"lastFunction":13,"lastStatement":14,"seen":{"s:43:55:259:Infinity":0,"f:43:55:43:56":0,"s:64:2:257:Infinity":1,"f:73:19:73:25":1,"s:73:25:73:Infinity":2,"f:81:19:81:25":2,"s:81:25:81:Infinity":3,"b:109:77:109:88:109:88:109:90":0,"b:109:36:109:63:109:63:109:77":1,"f:110:19:110:25":3,"s:110:25:110:Infinity":4,"b:110:64:110:71:110:71:110:79":2,"b:117:60:117:71:117:71:117:73":3,"f:118:19:118:25":4,"s:118:25:118:Infinity":5,"b:118:62:118:69:118:69:118:75":4,"b:125:64:125:75:125:75:125:77":5,"f:126:19:126:25":5,"s:126:25:126:Infinity":6,"b:126:66:126:73:126:73:126:83":6,"b:133:60:133:71:133:71:133:73":7,"f:134:19:134:25":6,"s:134:25:134:Infinity":7,"b:134:62:134:69:134:69:134:75":8,"b:141:65:141:76:141:76:141:78":9,"f:142:19:142:25":7,"s:142:25:142:Infinity":8,"b:142:67:142:74:142:74:142:85":10,"b:157:20:157:31:157:31:157:Infinity":11,"b:164:50:164:61:164:61:164:63":12,"b:195:7:195:20:195:20:195:48:195:48:195:Infinity:196:8:224:Infinity":13,"b:200:22:200:53:200:53:200:Infinity":14,"f:201:24:201:25":8,"s:201:31:201:Infinity":9,"b:212:22:212:51:212:51:212:Infinity":15,"f:213:24:213:25":9,"s:213:31:213:Infinity":10,"b:213:60:213:88:213:88:213:91":16,"b:219:22:219:48:219:48:219:Infinity":17,"f:220:24:220:25":10,"s:220:31:220:Infinity":11,"b:228:7:228:19:228:19:228:Infinity:229:8:238:Infinity":18,"b:231:20:231:47:231:47:231:Infinity":19,"f:232:22:232:23":11,"s:232:29:232:Infinity":12,"b:242:7:242:19:242:19:242:Infinity:243:8:255:Infinity":20,"b:249:26:249:57:249:57:249:Infinity":21,"f:250:26:250:27":12,"s:250:33:250:Infinity":13}}}
,"/Users/portablesheep/repos/fields/src/components/common/EmptyState.tsx": {"path":"/Users/portablesheep/repos/fields/src/components/common/EmptyState.tsx","statementMap":{"0":{"start":{"line":10,"column":53},"end":{"line":58,"column":null}},"1":{"start":{"line":11,"column":2},"end":{"line":56,"column":null}},"2":{"start":{"line":20,"column":26},"end":{"line":20,"column":null}},"3":{"start":{"line":34,"column":12},"end":{"line":52,"column":null}},"4":{"start":{"line":36,"column":29},"end":{"line":36,"column":null}},"5":{"start":{"line":47,"column":36},"end":{"line":47,"column":null}},"6":{"start":{"line":48,"column":36},"end":{"line":48,"column":null}}},"fnMap":{"0":{"name":"(anonymous_0)","decl":{"start":{"line":10,"column":53},"end":{"line":10,"column":54}},"loc":{"start":{"line":10,"column":100},"end":{"line":58,"column":null}},"line":10},"1":{"name":"(anonymous_1)","decl":{"start":{"line":20,"column":19},"end":{"line":20,"column":20}},"loc":{"start":{"line":20,"column":26},"end":{"line":20,"column":null}},"line":20},"2":{"name":"(anonymous_2)","decl":{"start":{"line":33,"column":27},"end":{"line":33,"column":28}},"loc":{"start":{"line":34,"column":12},"end":{"line":52,"column":null}},"line":34},"3":{"name":"(anonymous_3)","decl":{"start":{"line":36,"column":23},"end":{"line":36,"column":29}},"loc":{"start":{"line":36,"column":29},"end":{"line":36,"column":null}},"line":36},"4":{"name":"(anonymous_4)","decl":{"start":{"line":47,"column":28},"end":{"line":47,"column":29}},"loc":{"start":{"line":47,"column":36},"end":{"line":47,"column":null}},"line":47},"5":{"name":"(anonymous_5)","decl":{"start":{"line":48,"column":28},"end":{"line":48,"column":29}},"loc":{"start":{"line":48,"column":36},"end":{"line":48,"column":null}},"line":48}},"branchMap":{"0":{"loc":{"start":{"line":18,"column":7},"end":{"line":54,"column":null}},"type":"binary-expr","locations":[{"start":{"line":18,"column":7},"end":{"line":18,"column":null}},{"start":{"line":19,"column":8},"end":{"line":54,"column":null}}],"line":18}},"s":{"0":1,"1":5,"2":1,"3":3,"4":1,"5":0,"6":0},"f":{"0":5,"1":1,"2":3,"3":1,"4":0,"5":0},"b":{"0":[5,2]},"meta":{"lastBranch":1,"lastFunction":6,"lastStatement":7,"seen":{"s:10:53:58:Infinity":0,"f:10:53:10:54":0,"s:11:2:56:Infinity":1,"b:18:7:18:Infinity:19:8:54:Infinity":0,"f:20:19:20:20":1,"s:20:26:20:Infinity":2,"f:33:27:33:28":2,"s:34:12:52:Infinity":3,"f:36:23:36:29":3,"s:36:29:36:Infinity":4,"f:47:28:47:29":4,"s:47:36:47:Infinity":5,"f:48:28:48:29":5,"s:48:36:48:Infinity":6}}}
,"/Users/portablesheep/repos/fields/src/hooks/useAnnotations.ts": {"path":"/Users/portablesheep/repos/fields/src/hooks/useAnnotations.ts","statementMap":{"0":{"start":{"line":4,"column":13},"end":{"line":4,"column":null}},"1":{"start":{"line":7,"column":2},"end":{"line":7,"column":null}},"2":{"start":{"line":11,"column":36},"end":{"line":11,"column":null}},"3":{"start":{"line":12,"column":34},"end":{"line":12,"column":null}},"4":{"start":{"line":13,"column":28},"end":{"line":13,"column":null}},"5":{"start":{"line":14,"column":8},"end":{"line":14,"column":null}},"6":{"start":{"line":15,"column":8},"end":{"line":15,"column":null}},"7":{"start":{"line":17,"column":8},"end":{"line":17,"column":null}},"8":{"start":{"line":17,"column":38},"end":{"line":17,"column":57}},"9":{"start":{"line":19,"column":8},"end":{"line":23,"column":null}},"10":{"start":{"line":20,"column":4},"end":{"line":20,"column":null}},"11":{"start":{"line":21,"column":4},"end":{"line":21,"column":null}},"12":{"start":{"line":22,"column":4},"end":{"line":22,"column":null}},"13":{"start":{"line":25,"column":8},"end":{"line":82,"column":null}},"14":{"start":{"line":27,"column":6},"end":{"line":79,"column":null}},"15":{"start":{"line":28,"column":8},"end":{"line":28,"column":null}},"16":{"start":{"line":29,"column":21},"end":{"line":29,"column":null}},"17":{"start":{"line":32,"column":8},"end":{"line":75,"column":null}},"18":{"start":{"line":34,"column":12},"end":{"line":42,"column":null}},"19":{"start":{"line":43,"column":12},"end":{"line":43,"column":null}},"20":{"start":{"line":45,"column":12},"end":{"line":51,"column":null}},"21":{"start":{"line":52,"column":12},"end":{"line":52,"column":null}},"22":{"start":{"line":54,"column":12},"end":{"line":63,"column":null}},"23":{"start":{"line":64,"column":12},"end":{"line":64,"column":null}},"24":{"start":{"line":66,"column":12},"end":{"line":71,"column":null}},"25":{"start":{"line":72,"column":12},"end":{"line":72,"column":null}},"26":{"start":{"line":74,"column":12},"end":{"line":74,"column":null}},"27":{"start":{"line":77,"column":8},"end":{"line":77,"column":null}},"28":{"start":{"line":78,"column":8},"end":{"line":78,"column":null}},"29":{"start":{"line":84,"column":8},"end":{"line":92,"column":null}},"30":{"start":{"line":86,"column":6},"end":{"line":89,"column":null}},"31":{"start":{"line":87,"column":8},"end":{"line":87,"column":null}},"32":{"start":{"line":88,"column":8},"end":{"line":88,"column":null}},"33":{"start":{"line":88,"column":32},"end":{"line":88,"column":85}},"34":{"start":{"line":94,"column":8},"end":{"line":103,"column":null}},"35":{"start":{"line":96,"column":6},"end":{"line":99,"column":null}},"36":{"start":{"line":97,"column":8},"end":{"line":97,"column":null}},"37":{"start":{"line":98,"column":8},"end":{"line":98,"column":null}},"38":{"start":{"line":98,"column":34},"end":{"line":98,"column":45}},"39":{"start":{"line":100,"column":6},"end":{"line":100,"column":null}},"40":{"start":{"line":100,"column":34},"end":{"line":100,"column":66}},"41":{"start":{"line":105,"column":8},"end":{"line":109,"column":null}},"42":{"start":{"line":106,"column":4},"end":{"line":108,"column":null}},"43":{"start":{"line":107,"column":6},"end":{"line":107,"column":null}},"44":{"start":{"line":111,"column":8},"end":{"line":119,"column":null}},"45":{"start":{"line":112,"column":18},"end":{"line":112,"column":null}},"46":{"start":{"line":113,"column":4},"end":{"line":113,"column":null}},"47":{"start":{"line":113,"column":28},"end":{"line":113,"column":null}},"48":{"start":{"line":114,"column":4},"end":{"line":117,"column":null}},"49":{"start":{"line":115,"column":6},"end":{"line":115,"column":null}},"50":{"start":{"line":116,"column":6},"end":{"line":116,"column":null}},"51":{"start":{"line":118,"column":4},"end":{"line":118,"column":null}},"52":{"start":{"line":121,"column":8},"end":{"line":129,"column":null}},"53":{"start":{"line":122,"column":18},"end":{"line":122,"column":null}},"54":{"start":{"line":123,"column":4},"end":{"line":123,"column":null}},"55":{"start":{"line":123,"column":28},"end":{"line":123,"column":null}},"56":{"start":{"line":124,"column":4},"end":{"line":127,"column":null}},"57":{"start":{"line":125,"column":6},"end":{"line":125,"column":null}},"58":{"start":{"line":126,"column":6},"end":{"line":126,"column":null}},"59":{"start":{"line":128,"column":4},"end":{"line":128,"column":null}},"60":{"start":{"line":131,"column":8},"end":{"line":140,"column":null}},"61":{"start":{"line":133,"column":6},"end":{"line":136,"column":null}},"62":{"start":{"line":134,"column":8},"end":{"line":134,"column":null}},"63":{"start":{"line":135,"column":8},"end":{"line":135,"column":null}},"64":{"start":{"line":137,"column":6},"end":{"line":137,"column":null}},"65":{"start":{"line":142,"column":18},"end":{"line":142,"column":null}},"66":{"start":{"line":143,"column":18},"end":{"line":143,"column":null}},"67":{"start":{"line":145,"column":19},"end":{"line":145,"column":null}},"68":{"start":{"line":145,"column":43},"end":{"line":145,"column":62}},"69":{"start":{"line":147,"column":2},"end":{"line":163,"column":null}}},"fnMap":{"0":{"name":"generateId","decl":{"start":{"line":6,"column":9},"end":{"line":6,"column":30}},"loc":{"start":{"line":6,"column":30},"end":{"line":8,"column":null}},"line":6},"1":{"name":"useAnnotations","decl":{"start":{"line":10,"column":16},"end":{"line":10,"column":33}},"loc":{"start":{"line":10,"column":33},"
[...]
"column":20}},"loc":{"start":{"line":14,"column":59},"end":{"line":29,"column":null}},"line":14},"2":{"name":"savePdf","decl":{"start":{"line":31,"column":22},"end":{"line":31,"column":null}},"loc":{"start":{"line":35,"column":23},"end":{"line":140,"column":null}},"line":35},"3":{"name":"(anonymous_3)","decl":{"start":{"line":112,"column":62},"end":{"line":112,"column":63}},"loc":{"start":{"line":112,"column":69},"end":{"line":112,"column":84}},"line":112}},"branchMap":{"0":{"loc":{"start":{"line":6,"column":2},"end":{"line":6,"column":null}},"type":"if","locations":[{"start":{"line":6,"column":2},"end":{"line":6,"column":null}},{"start":{},"end":{}}],"line":6},"1":{"loc":{"start":{"line":15,"column":2},"end":{"line":15,"column":null}},"type":"if","locations":[{"start":{"line":15,"column":2},"end":{"line":15,"column":null}},{"start":{},"end":{}}],"line":15},"2":{"loc":{"start":{"line":17,"column":2},"end":{"line":17,"column":null}},"type":"if","locations":[{"start":{"line":17,"column":2},"end":{"line":17,"column":null}},{"start":{},"end":{}}],"line":17},"3":{"loc":{"start":{"line":23,"column":2},"end":{"line":28,"column":null}},"type":"switch","locations":[{"start":{"line":24,"column":4},"end":{"line":24,"column":null}},{"start":{"line":25,"column":4},"end":{"line":25,"column":null}},{"start":{"line":26,"column":4},"end":{"line":26,"column":null}},{"start":{"line":27,"column":4},"end":{"line":27,"column":null}}],"line":23},"4":{"loc":{"start":{"line":42,"column":4},"end":{"line":42,"column":null}},"type":"if","locations":[{"start":{"line":42,"column":4},"end":{"line":42,"column":null}},{"start":{},"end":{}}],"line":42},"5":{"loc":{"start":{"line":49,"column":4},"end":{"line":49,"column":null}},"type":"if","locations":[{"start":{"line":49,"column":4},"end":{"line":49,"column":null}},{"start":{},"end":{}}],"line":49},"6":{"loc":{"start":{"line":57,"column":6},"end":{"line":125,"column":null}},"type":"switch","locations":[{"start":{"line":58,"column":8},"end":{"line":70,"column":null}},{"start":{"line":71,"column":8},"end":{"line":93,"column":null}},{"start":{"line":94,"column":8},"end":{"line":107,"column":null}},{"start":{"line":108,"column":8},"end":{"line":124,"column":null}}],"line":57},"7":{"loc":{"start":{"line":60,"column":10},"end":{"line":60,"column":null}},"type":"if","locations":[{"start":{"line":60,"column":10},"end":{"line":60,"column":null}},{"start":{},"end":{}}],"line":60},"8":{"loc":{"start":{"line":73,"column":10},"end":{"line":83,"column":null}},"type":"if","locations":[{"start":{"line":73,"column":10},"end":{"line":83,"column":null}},{"start":{},"end":{}}],"line":73},"9":{"loc":{"start":{"line":84,"column":10},"end":{"line":84,"column":null}},"type":"if","locations":[{"start":{"line":84,"column":10},"end":{"line":84,"column":null}},{"start":{},"end":{}}],"line":84},"10":{"loc":{"start":{"line":96,"column":10},"end":{"line":96,"column":null}},"type":"if","locations":[{"start":{"line":96,"column":10},"end":{"line":96,"column":null}},{"start":{},"end":{}}],"line":96},"11":{"loc":{"start":{"line":110,"column":10},"end":{"line":110,"column":null}},"type":"if","locations":[{"start":{"line":110,"column":10},"end":{"line":110,"column":null}},{"start":{},"end":{}}],"line":110},"12":{"loc":{"start":{"line":129,"column":2},"end":{"line":137,"column":null}},"type":"if","locations":[{"start":{"line":129,"column":2},"end":{"line":137,"column":null}},{"start":{},"end":{}}],"line":129}},"s":{"0":8,"1":8,"2":1,"3":7,"4":3,"5":0,"6":3,"7":3,"8":0,"9":3,"10":3,"11":3,"12":3,"13":1,"14":1,"15":1,"16":0,"17":18,"18":18,"19":18,"20":18,"21":16,"22":16,"23":16,"24":18,"25":18,"26":16,"27":1,"28":15,"29":15,"30":15,"31":15,"32":15,"33":6,"34":6,"35":1,"36":5,"37":5,"38":5,"39":3,"40":3,"41":2,"42":3,"43":2,"44":1,"45":1,"46":4,"47":4,"48":1,"49":3,"50":3,"51":3,"52":3,"53":2,"54":2,"55":1,"56":1,"57":1,"58":1,"59":1,"60":1,"61":0,"62":1,"63":17,"64":2,"65":2,"66":2,"67":17},"f":{"0":8,"1":3,"2":18,"3":1},"b":{"0":[1,7],"1":[0,3],"2":[0,3],"3":[1,1,1,0],"4":[16,0],"5":[1,15],"6":[6,3,4,2],"7":[1,5],"8":[2,1],"9":[2,1],"10":[1,3],"11":[1,1],"12":[2,15]},"meta":{"lastBranch":13,"lastFunction":4,"lastStatement":68,"seen":{"f:4:9:4:18":0,"s:5:17:5:Infinity":0,"b:6:2:6:Infinity:undefined:undefined:undefined:undefined":0,"s:6:2:6:Infinity":1,"s:6:15:6:Infinity":2,"s:7:2:11:Infinity":3,"f:14:9:14:20":1,"b:15:2:15:Infinity:undefined:undefined:undefined:undefined":1,"s:15:2:15:Infinity":4,"s:15:14:15:Infinity":5,"s:16:15:16:Infinity":6,"b:17:2:17:Infinity:undefined:undefined:undefined:undefined":2,"s:17:2:17:Infinity":7,"s:17:29:17:Infinity":8,"s:19:13:19:Infinity":9,"s:20:13:20:Infinity":10,"s:21:15:21:Infinity":11,"b:24:4:24:Infinity:25:4:25:Infinity:26:4:26:Infinity:27:4:27:Infinity":3,"s:23:2:28:Infinity":12,"s:24:23:24:Infinity":13,"s:25:23:25:Infinity":14,"s:26:23:26:Infinity":15,"s:27:13:27:Infinity":16,"f:31:22:31:Infinity":2,"s:36:17:36:Infinity":17,"s:37:16:37:Infinity":18,"s:40:17:40:Infinity":19,"s:41:2:44:Infinity":20,"b:42:4:42:Infinity:undefined:undefined:undefined:undefined":4,"s:42:4:42:Infinity":21,"s:42:36:42:Infinity":22,"s:43:4:43:Infinity":23,"s:46:20:46:Infinity":24,"s:48:2:127:Infinity":25,"b:49:4:49:Infinity:undefined:undefined:undefined:undefined":5,"s:49:4:49:Infinity":26,"s:49:35:49:Infinity":27,"s:50:17:50:Infinity":28,"s:51:23:51:Infinity":29,"s:53:4:126:Infinity":30,"s:55:19:55:Infinity":31,"b:58:8:70:Infinity:71:8:93:Infinity:94:8:107:Infinity:108:8:124:Infinity":6,"s:57:6:125:Infinity":32,"s:59:26:59:Infinity":33,"b:60:10:60:Infinity:undefined:undefined:undefined:undefined":7,"s:60:10:60:Infinity":34,"s:60:30:60:Infinity":35,"s:61:30:61:Infinity":36,"s:62:10:68:Infinity":37,"s:69:10:69:Infinity":38,"s:72:24:72:Infinity":39,"b:73:10:83:Infinity:undefined:undefined:undefined:undefined":8,"s:73:10:83:Infinity":40,"s:74:12:82:Infinity":41,"b:84:10:84:Infinity:undefined:undefined:undefined:undefined":9,"s:84:10:84:Infinity":42,"s:84:30:84:Infinity":43,"s:85:10:91:Infinity":44,"s:92:10:92:Infinity":45,"s:95:26:95:Infinity":46,"b:96:10:96:Infinity:undefined:undefined:undefined:undefined":10,"s:96:10:96:Infinity":47,"s:96:30:96:Infinity":48,"s:97:30:97:Infinity":49,"s:98:30:98:Infinity":50,"s:99:10:105:Infinity":51,"s:106:10:106:Infinity":52,"s:109:25:109:Infinity":53,"b:110:10:110:Infinity:undefined:undefined:undefined:undefined":11,"s:110:10:110:Infinity":54,"s:110:31:110:Infinity":55,"s:111:10:122:Infinity":56,"s:112:29:112:Infinity":57,"f:112:62:112:63":3,"s:112:69:112:84":58,"s:113:29:113:Infinity":59,"s:114:12:119:Infinity":60,"s:121:12:121:Infinity":61,"s:123:10:123:Infinity":62,"b:129:2:137:Infinity:undefined:undefined:undefined:undefined":12,"s:129:2:137:Infinity":63,"s:131:17:131:Infinity":64,"s:132:4:136:Infinity":65,"s:133:6:133:Infinity":66,"s:139:2:139:Infinity":67}}}
,"/Users/portablesheep/repos/fields/src/lib/storage.ts": {"path":"/Users/portablesheep/repos/fields/src/lib/storage.ts","statementMap":{"0":{"start":{"line":4,"column":24},"end":{"line":4,"column":null}},"1":{"start":{"line":5,"column":26},"end":{"line":5,"column":null}},"2":{"start":{"line":6,"column":25},"end":{"line":6,"column":null}},"3":{"start":{"line":9,"column":14},"end":{"line":9,"column":null}},"4":{"start":{"line":10,"column":20},"end":{"line":10,"column":null}},"5":{"start":{"line":11,"column":2},"end":{"line":13,"column":null}},"6":{"start":{"line":12,"column":4},"end":{"line":12,"column":null}},"7":{"start":{"line":14,"column":2},"end":{"line":14,"column":null}},"8":{"start":{"line":18,"column":2},"end":{"line":28,"column":null}},"9":{"start":{"line":19,"column":16},"end":{"line":19,"column":null}},"10":{"start":{"line":20,"column":17},"end":{"line":20,"column":null}},"11":{"start":{"line":21,"column":23},"end":{"line":21,"column":null}},"12":{"start":{"line":22,"column":4},"end":{"line":22,"column":null}},"13":{"start":{"line":22,"column":21},"end":{"line":22,"column":null}},"14":{"start":{"line":23,"column":18},"end":{"line":23,"column":null}},"15":{"start":{"line":24,"column":17},"end":{"line":24,"column":null}},"16":{"start":{"line":25,"column":4},"end":{"line":25,"column":null}},"17":{"start":{"line":27,"column":4},"end":{"line":27,"column":null}},"18":{"start":{"line":32,"column":2},"end":{"line":39,"column":null}},"19":{"start":{"line":33,"column":16},"end":{"line":33,"column":null}},"20":{"start":{"line":34,"column":17},"end":{"line":34,"column":null}},"21":{"start":{"line":35,"column":17},"end":{"line":35,"column":null}},"22":{"start":{"line":36,"column":4},"end":{"line":36,"column":null}},"23":{"start":{"line":38,"column":4},"end":{"line":38,"column":null}},"24":{"start":{"line":51,"column":2},"end":{"line":51,"column":null}},"25":{"start":{"line":55,"column":21},"end":{"line":55,"column":null}},"26":{"start":{"line":56,"column":30},"end":{"line":61,"column":null}},"27":{"start":{"line":62,"column":2},"end":{"line":62,"column":null}},"28":{"start":{"line":63,"column":2},"end":{"line":63,"column":null}},"29":{"start":{"line":64,"column":2},"end":{"line":64,"column":null}},"30":{"start":{"line":68,"column":21},"end":{"line":68,"column":null}},"31":{"start":{"line":69,"column":2},"end":{"line":69,"column":null}},"32":{"start":{"line":69,"column":64},"end":{"line":69,"column":75}},"33":{"start":{"line":80,"column":2},"end":{"line":80,"column":null}},"34":{"start":{"line":84,"column":16},"end":{"line":84,"column":null}},"35":{"start":{"line":85,"column":19},"end":{"line":85,"column":null}},"36":{"start":{"line":85,"column":39},"end":{"line":85,"column":54}},"37":{"start":{"line":86,"column":2},"end":{"line":86,"column":null}},"38":{"start":{"line":87,"column":2},"end":{"line":87,"column":null}}},"fnMap":{"0":{"name":"getAppDataPath","decl":{"start":{"line":8,"column":15},"end":{"line":8,"column":49}},"loc":{"start":{"line":8,"column":49},"end":{"line":15,"column":null}},"line":8},"1":{"name":"readJsonFile","decl":{"start":{"line":17,"column":15},"end":{"line":17,"column":31}},"loc":{"start":{"line":17,"column":74},"end":{"line":29,"column":null}},"line":17},"2":{"name":"writeJsonFile","decl":{"start":{"line":31,"column":15},"end":{"line":31,"column":32}},"loc":{"start":{"line":31,"column":74},"end":{"line":40,"column":null}},"line":31},"3":{"name":"loadSavedSignatures","decl":{"start":{"line":50,"column":22},"end":{"line":50,"column":71}},"loc":{"start":{"line":50,"column":71},"end":{"line":52,"column":null}},"line":50},"4":{"name":"saveSignature","decl":{"start":{"line":54,"column":22},"end":{"line":54,"column":36}},"loc":{"start":{"line":54,"column":94},"end":{"line":65,"column":null}},"line":54},"5":{"name":"deleteSavedSignature","decl":{"start":{"line":67,"column":22},"end":{"line":67,"column":43}},"loc":{"start":{"line":67,"column":70},"end":{"line":70,"column":null}},"line":67},"6":{"name":"(anonymous_6)","decl":{"start":{"line":69,"column":57},"end":{"line":69,"column":58}},"loc":{"start":{"line":69,"column":64},"end":{"line":69,"column":75}},"line":69},"7":{"name":"loadRecentFiles","decl":{"start":{"line":79,"column":22},"end":{"line":79,"column":63}},"loc":{"start":{"line":79,"column":63},"end":{"line":81,"column":null}},"line":79},"8":{"name":"addRecentFile","decl":{"start":{"line":83,"column":22},"end":{"line":83,"column":36}},"loc":{"start":{"line":83,"column":79},"end":{"line":88,"column":null}},"line":83},"9":{"name":"(anonymous_9)","decl":{"start":{"line":85,"column":32},"end":{"line":85,"column":33}},"loc":{"start":{"line":85,"column":39},"end":{"line":85,"column":54}},"line":85}},"branchMap":{"0":{"loc":{"start":{"line":11,"column":2},"end":{"line":13,"column":null}},"type":"if","locations":[{"start":{"line":11,"column":2},"end":{"line":13,"column":null}},{"start":{},"end":{}}],"line":11},"1":{"loc":{"start":{"line":22,"column":4},"end":{"line":22,"column":null}},"type":"if","locations":[{"start":{"line":22,"column":4},"end":{"line":22,"column":null}},{"start":{},"end":{}}],"line":22},"2":{"loc":{"start":{"line":60,"column":11},"end":{"line":60,"column":null}},"type":"binary-expr","locations":[{"start":{"line":60,"column":11},"end":{"line":60,"column":20}},{"start":{"line":60,"column":20},"end":{"line":60,"column":null}}],"line":60}},"s":{"0":1,"1":1,"2":1,"3":71,"4":71,"5":71,"6":69,"7":71,"8":41,"9":41,"10":41,"11":41,"12":41,"13":10,"14":31,"15":29,"16":29,"17":2,"18":30,"19":30,"20":30,"21":30,"22":30,"23":0,"24":16,"25":8,"26":8,"27":8,"28":8,"29":8,"30":2,"31":2,"32":3,"33":25,"34":20,"35":20,"36":99,"37":20,"38":20},"f":{"0":71,"1":41,"2":30,"3":16,"4":8,"5":2,"6":3,"7":25,"8":20,"9":99},"b":{"0":[69,2],"1":[10,31],"2":[8,5]},"meta":{"lastBranch":3,"lastFunction":10,"lastStatement":39,"seen":{"s:4:24:4:Infinity":0,"s:5:26:5:Infinity":1,"s:6:25:6:Infinity":2,"f:8:15:8:49":0,"s:9:14:9:Infinity":3,"s:10:20:10:Infinity":4,"b:11:2:13:Infinity:undefined:undefined:undefined:undefined":0,"s:11:2:13:Infinity":5,"s:12:4:12:Infinity":6,"s:14:2:14:Infinity":7,"f:17:15:17:31":1,"s:18:2:28:Infinity":8,"s:19:16:19:Infinity":9,"s:20:17:20:Infinity":10,"s:21:23:21:Infinity":11,"b:22:4:22:Infinity:undefined:undefined:undefined:undefined":1,"s:22:4:22:Infinity":12,"s:22:21:22:Infinity":13,"s:23:18:23:Infinity":14,"s:24:17:24:Infinity":15,"s:25:4:25:Infinity":16,"s:27:4:27:Infinity":17,"f:31:15:31:32":2,"s:32:2:39:Infinity":18,"s:33:16:33:Infinity":19,"s:34:17:34:Infinity":20,"s:35:17:35:Infinity":21,"s:36:4:36:Infinity":22,"s:38:4:38:Infinity":23,"f:50:22:50:71":3,"s:51:2:51:Infinity":24,"f:54:22:54:36":4,"s:55:21:55:Infinity":25,"s:56:30:61:Infinity":26,"b:60:11:60:20:60:20:60:Infinity":2,"s:62:2:62:Infinity":27,"s:63:2:63:Infinity":28,"s:64:2:64:Infinity":29,"f:67:22:67:43":5,"s:68:21:68:Infinity":30,"s:69:2:69:Infinity":31,"f:69:57:69:58":6,"s:69:64:69:75":32,"f:79:22:79:63":7,"s:80:2:80:Infinity":33,"f:83:22:83:36":8,"s:84:16:84:Infinity":34,"s:85:19:85:Infinity":35,"f:85:32:85:33":9,"s:85:39:85:54":36,"s:86:2:86:Infinity":37,"s:87:2:87:Infinity":38}}}
,"/Users/portablesheep/repos/fields/test/mocks/tauri-plugins.ts": {"path":"/Users/portablesheep/repos/fields/test/mocks/tauri-plugins.ts","statementMap":{"0":{"start":{"line":4,"column":18},"end":{"line":4,"column":null}},"1":{"start":{"line":6,"column":29},"end":{"line":29,"column":null}},"2":{"start":{"line":32,"column":17},"end":{"line":32,"column":null}},"3":{"start":{"line":33,"column":2},"end":{"line":33,"column":null}},"4":{"start":{"line":36,"column":24},"end":{"line":45,"column":null}},"5":{"start":{"line":38,"column":16},"end":{"line":38,"column":null}},"6":{"start":{"line":39,"column":17},"end":{"line":39,"column":null}},"7":{"start":{"line":40,"column":4},"end":{"line":42,"column":null}},"8":{"start":{"line":41,"column":6},"end":{"line":41,"column":null}},"9":{"start":{"line":43,"column":4},"end":{"line":43,"column":null}},"10":{"start":{"line":47,"column":25},"end":{"line":56,"column":null}},"11":{"start":{"line":53,"column":16},"end":{"line":53,"column":null}},"12":{"start":{"line":54,"column":4},"end":{"line":54,"column":null}},"13":{"start":{"line":58,"column":28},"end":{"line":63,"column":null}},"14":{"start":{"line":60,"column":17},"end":{"line":60,"column":null}},"15":{"start":{"line":61,"column":4},"end":{"line":61,"column":null}},"16":{"start":{"line":65,"column":29},"end":{"line":74,"column":null}},"17":{"start":{"line":71,"column":20},"end":{"line":71,"column":null}},"18":{"start":{"line":72,"column":4},"end":{"line":72,"column":null}},"19":{"start":{"line":76,"column":22},"end":{"line":81,"column":null}},"20":{"start":{"line":78,"column":16},"end":{"line":78,"column":null}},"21":{"start":{"line":79,"column":4},"end":{"line":79,"column":null}},"22":{"start":{"line":83,"column":21},"end":{"line":85,"column":null}},"23":{"start":{"line":88,"column":20},"end":{"line":90,"column":null}},"24":{"start":{"line":89,"column":2},"end":{"line":89,"column":null}},"25":{"start":{"line":92,"column":20},"end":{"line":94,"column":null}},"26":{"start":{"line":93,"column":2},"end":{"line":93,"column":null}},"27":{"start":{"line":97,"column":23},"end":{"line":105,"column":null}},"28":{"start":{"line":107,"column":27},"end":{"line":110,"column":null}},"29":{"start":{"line":117,"column":2},"end":{"line":117,"column":null}},"30":{"start":{"line":118,"column":2},"end":{"line":118,"column":null}}},"fnMap":{"0":{"name":"resolveKey","decl":{"start":{"line":31,"column":9},"end":{"line":31,"column":20}},"loc":{"start":{"line":31,"column":74},"end":{"line":34,"column":null}},"line":31},"1":{"name":"(anonymous_1)","decl":{"start":{"line":37,"column":2},"end":{"line":37,"column":9}},"loc":{"start":{"line":37,"column":79},"end":{"line":44,"column":null}},"line":37},"2":{"name":"(anonymous_2)","decl":{"start":{"line":48,"column":2},"end":{"line":48,"column":null}},"loc":{"start":{"line":52,"column":22},"end":{"line":55,"column":null}},"line":52},"3":{"name":"(anonymous_3)","decl":{"start":{"line":59,"column":2},"end":{"line":59,"column":9}},"loc":{"start":{"line":59,"column":75},"end":{"line":62,"column":null}},"line":59},"4":{"name":"(anonymous_4)","decl":{"start":{"line":66,"column":2},"end":{"line":66,"column":null}},"loc":{"start":{"line":70,"column":22},"end":{"line":73,"column":null}},"line":70},"5":{"name":"(anonymous_5)","decl":{"start":{"line":77,"column":2},"end":{"line":77,"column":9}},"loc":{"start":{"line":77,"column":76},"end":{"line":80,"column":null}},"line":77},"6":{"name":"(anonymous_6)","decl":{"start":{"line":83,"column":27},"end":{"line":83,"column":54}},"loc":{"start":{"line":83,"column":54},"end":{"line":85,"column":1}},"line":83},"7":{"name":"(anonymous_7)","decl":{"start":{"line":88,"column":26},"end":{"line":88,"column":73}},"loc":{"start":{"line":88,"column":73},"end":{"line":90,"column":1}},"line":88},"8":{"name":"(anonymous_8)","decl":{"start":{"line":92,"column":26},"end":{"line":92,"column":62}},"loc":{"start":{"line":92,"column":62},"end":{"line":94,"column":1}},"line":92},"9":{"name":"resetMocks","decl":{"start":{"line":116,"column":16},"end":{"line":116,"column":35}},"loc":{"start":{"line":116,"column":35},"end":{"line":119,"column":null}},"line":116}},"branchMap":{"0":{"loc":{"start":{"line":32,"column":17},"end":{"line":32,"column":null}},"type":"cond-expr","locations":[{"start":{"line":32,"column":44},"end":{"line":32,"column":68}},{"start":{"line":32,"column":68},"end":{"line":32,"column":null}}],"line":32},"1":{"loc":{"start":{"line":40,"column":4},"end":{"line":42,"column":null}},"type":"if","locations":[{"start":{"line":40,"column":4},"end":{"line":42,"column":null}},{"start":{},"end":{}}],"line":40}},"s":{"0":2,"1":2,"2":477,"3":477,"4":2,"5":84,"6":84,"7":84,"8":0,"9":84,"10":2,"11":91,"12":91,"13":2,"14":0,"15":0,"16":2,"17":0,"18":0,"19":2,"20":302,"21":302,"22":2,"23":2,"24":0,"25":2,"26":0,"27":2,"28":2,"29":23,"30":23},"f":{"0":477,"1":84,"2":91,"3":0,"4":0,"5":302,"6":196,"7":0,"8":0,"9":23},"b":{"0":[0,477],"1":[0,84]},"meta":{"lastBranch":2,"lastFunction":10,"lastStatement":31,"seen":{"s:4:18:4:Infinity":0,"s:6:29:29:Infinity":1,"f:31:9:31:20":0,"s:32:17:32:Infinity":2,"b:32:44:32:68:32:68:32:Infinity":0,"s:33:2:33:Infinity":3,"s:36:24:45:Infinity":4,"f:37:2:37:9":1,"s:38:16:38:Infinity":5,"s:39:17:39:Infinity":6,"b:40:4:42:Infinity:undefined:undefined:undefined:undefined":1,"s:40:4:42:Infinity":7,"s:41:6:41:Infinity":8,"s:43:4:43:Infinity":9,"s:47:25:56:Infinity":10,"f:48:2:48:Infinity":2,"s:53:16:53:Infinity":11,"s:54:4:54:Infinity":12,"s:58:28:63:Infinity":13,"f:59:2:59:9":3,"s:60:17:60:Infinity":14,"s:61:4:61:Infinity":15,"s:65:29:74:Infinity":16,"f:66:2:66:Infinity":4,"s:71:20:71:Infinity":17,"s:72:4:72:Infinity":18,"s:76:22:81:Infinity":19,"f:77:2:77:9":5,"s:78:16:78:Infinity":20,"s:79:4:79:Infinity":21,"s:83:21:85:Infinity":22,"f:83:27:83:54":6,"s:88:20:90:Infinity":23,"f:88:26:88:73":7,"s:89:2:89:Infinity":24,"s:92:20:94:Infinity":25,"f:92:26:92:62":8,"s:93:2:93:Infinity":26,"s:97:23:105:Infinity":27,"s:107:27:110:Infinity":28,"f:116:16:116:35":9,"s:117:2:117:Infinity":29,"s:118:2:118:Infinity":30}}}
}
